BEGIN TO LOAD DATA!
Epoch:  1  	Training Loss: 103.167923    	Training Acc:  29.583 %
Accuracy on Testing images: Testing Acc:  29.333 %
Loss and Accuracy on Validation images: Validation Loss: 24.989435    	Validation Acc:  36.333 %
Epoch:  2  	Training Loss: 11.592738    	Training Acc:  29.500 %
Accuracy on Testing images: Testing Acc:  29.333 %
Loss and Accuracy on Validation images: Validation Loss: 4.758901    	Validation Acc:  30.333 %
Epoch:  3  	Training Loss: 2.882375    	Training Acc:  31.708 %
Accuracy on Testing images: Testing Acc:  32.000 %
Loss and Accuracy on Validation images: Validation Loss: 1.908886    	Validation Acc:  27.667 %
Epoch:  4  	Training Loss: 1.742264    	Training Acc:  33.417 %
Accuracy on Testing images: Testing Acc:  29.667 %
Loss and Accuracy on Validation images: Validation Loss: 1.648035    	Validation Acc:  30.333 %
Epoch:  5  	Training Loss: 1.631584    	Training Acc:  33.250 %
Accuracy on Testing images: Testing Acc:  29.667 %
Loss and Accuracy on Validation images: Validation Loss: 1.717425    	Validation Acc:  31.667 %
Epoch:  6  	Training Loss: 1.565278    	Training Acc:  32.625 %
Accuracy on Testing images: Testing Acc:  31.333 %
Loss and Accuracy on Validation images: Validation Loss: 1.535126    	Validation Acc:  31.000 %
Epoch:  7  	Training Loss: 1.469890    	Training Acc:  34.292 %
Accuracy on Testing images: Testing Acc:  30.000 %
Loss and Accuracy on Validation images: Validation Loss: 1.466795    	Validation Acc:  36.667 %
Epoch:  8  	Training Loss: 1.410003    	Training Acc:  38.042 %
Accuracy on Testing images: Testing Acc:  38.000 %
Loss and Accuracy on Validation images: Validation Loss: 1.376414    	Validation Acc:  36.333 %
Epoch:  9  	Training Loss: 1.434765    	Training Acc:  37.583 %
Accuracy on Testing images: Testing Acc:  33.000 %
Loss and Accuracy on Validation images: Validation Loss: 1.561943    	Validation Acc:  38.333 %
Epoch:  10  	Training Loss: 1.396342    	Training Acc:  38.375 %
Accuracy on Testing images: Testing Acc:  45.333 %
Loss and Accuracy on Validation images: Validation Loss: 1.384305    	Validation Acc:  37.333 %
Epoch:  11  	Training Loss: 1.313340    	Training Acc:  40.417 %
Accuracy on Testing images: Testing Acc:  38.000 %
Loss and Accuracy on Validation images: Validation Loss: 1.301686    	Validation Acc:  40.000 %
Epoch:  12  	Training Loss: 1.300019    	Training Acc:  44.583 %
Accuracy on Testing images: Testing Acc:  40.667 %
Loss and Accuracy on Validation images: Validation Loss: 1.238343    	Validation Acc:  45.667 %
Epoch:  13  	Training Loss: 1.244885    	Training Acc:  43.917 %
Accuracy on Testing images: Testing Acc:  43.667 %
Loss and Accuracy on Validation images: Validation Loss: 1.267489    	Validation Acc:  40.667 %
Epoch:  14  	Training Loss: 1.245536    	Training Acc:  44.458 %
Accuracy on Testing images: Testing Acc:  41.667 %
Loss and Accuracy on Validation images: Validation Loss: 1.279100    	Validation Acc:  41.000 %
Epoch:  15  	Training Loss: 1.219555    	Training Acc:  46.750 %
Accuracy on Testing images: Testing Acc:  41.333 %
Loss and Accuracy on Validation images: Validation Loss: 1.244553    	Validation Acc:  47.667 %
Epoch:  16  	Training Loss: 1.247070    	Training Acc:  45.917 %
Accuracy on Testing images: Testing Acc:  44.000 %
Loss and Accuracy on Validation images: Validation Loss: 1.262869    	Validation Acc:  45.000 %
Epoch:  17  	Training Loss: 1.237051    	Training Acc:  46.958 %
Accuracy on Testing images: Testing Acc:  49.000 %
Loss and Accuracy on Validation images: Validation Loss: 1.218004    	Validation Acc:  47.667 %
Epoch:  18  	Training Loss: 1.250249    	Training Acc:  43.500 %
Accuracy on Testing images: Testing Acc:  43.667 %
Loss and Accuracy on Validation images: Validation Loss: 1.220968    	Validation Acc:  44.333 %
Epoch:  19  	Training Loss: 1.187568    	Training Acc:  46.542 %
Accuracy on Testing images: Testing Acc:  41.000 %
Loss and Accuracy on Validation images: Validation Loss: 1.304688    	Validation Acc:  44.333 %
Epoch:  20  	Training Loss: 1.172735    	Training Acc:  47.167 %
Accuracy on Testing images: Testing Acc:  44.000 %
Loss and Accuracy on Validation images: Validation Loss: 1.155071    	Validation Acc:  46.000 %
Epoch:  21  	Training Loss: 1.133293    	Training Acc:  48.500 %
Accuracy on Testing images: Testing Acc:  49.000 %
Loss and Accuracy on Validation images: Validation Loss: 1.117665    	Validation Acc:  49.000 %
Epoch:  22  	Training Loss: 1.115864    	Training Acc:  50.958 %
Accuracy on Testing images: Testing Acc:  43.667 %
Loss and Accuracy on Validation images: Validation Loss: 1.277518    	Validation Acc:  47.000 %
Epoch:  23  	Training Loss: 1.141701    	Training Acc:  49.292 %
Accuracy on Testing images: Testing Acc:  43.667 %
Loss and Accuracy on Validation images: Validation Loss: 1.184323    	Validation Acc:  43.333 %
Epoch:  24  	Training Loss: 1.149091    	Training Acc:  49.083 %
Accuracy on Testing images: Testing Acc:  44.667 %
Loss and Accuracy on Validation images: Validation Loss: 1.162437    	Validation Acc:  43.000 %
Epoch:  25  	Training Loss: 1.127603    	Training Acc:  50.042 %
Accuracy on Testing images: Testing Acc:  48.333 %
Loss and Accuracy on Validation images: Validation Loss: 1.218630    	Validation Acc:  44.667 %
Epoch:  26  	Training Loss: 1.174798    	Training Acc:  47.917 %
Accuracy on Testing images: Testing Acc:  44.667 %
Loss and Accuracy on Validation images: Validation Loss: 1.216999    	Validation Acc:  50.667 %
Epoch:  27  	Training Loss: 1.153000    	Training Acc:  47.292 %
Accuracy on Testing images: Testing Acc:  46.667 %
Loss and Accuracy on Validation images: Validation Loss: 1.255813    	Validation Acc:  45.000 %
Epoch:  28  	Training Loss: 1.128343    	Training Acc:  50.042 %
Accuracy on Testing images: Testing Acc:  46.333 %
Loss and Accuracy on Validation images: Validation Loss: 1.078272    	Validation Acc:  52.333 %
Epoch:  29  	Training Loss: 1.148304    	Training Acc:  48.750 %
Accuracy on Testing images: Testing Acc:  46.000 %
Loss and Accuracy on Validation images: Validation Loss: 1.147994    	Validation Acc:  45.667 %
Epoch:  30  	Training Loss: 1.105035    	Training Acc:  50.708 %
Accuracy on Testing images: Testing Acc:  47.333 %
Loss and Accuracy on Validation images: Validation Loss: 1.133628    	Validation Acc:  51.000 %
Epoch:  31  	Training Loss: 1.163610    	Training Acc:  48.792 %
Accuracy on Testing images: Testing Acc:  44.333 %
Loss and Accuracy on Validation images: Validation Loss: 1.092570    	Validation Acc:  49.333 %
Epoch:  32  	Training Loss: 1.138344    	Training Acc:  49.833 %
Accuracy on Testing images: Testing Acc:  47.333 %
Loss and Accuracy on Validation images: Validation Loss: 1.160053    	Validation Acc:  48.667 %
Epoch:  33  	Training Loss: 1.106569    	Training Acc:  50.667 %
Accuracy on Testing images: Testing Acc:  48.000 %
Loss and Accuracy on Validation images: Validation Loss: 1.065035    	Validation Acc:  52.667 %
Epoch:  34  	Training Loss: 1.053769    	Training Acc:  52.125 %
Accuracy on Testing images: Testing Acc:  51.000 %
Loss and Accuracy on Validation images: Validation Loss: 1.127631    	Validation Acc:  50.333 %
Epoch:  35  	Training Loss: 1.134481    	Training Acc:  48.583 %
Accuracy on Testing images: Testing Acc:  46.667 %
Loss and Accuracy on Validation images: Validation Loss: 1.175553    	Validation Acc:  49.333 %
Epoch:  36  	Training Loss: 1.080996    	Training Acc:  51.792 %
Accuracy on Testing images: Testing Acc:  46.333 %
Loss and Accuracy on Validation images: Validation Loss: 1.064981    	Validation Acc:  46.333 %
Epoch:  37  	Training Loss: 1.075948    	Training Acc:  50.458 %
Accuracy on Testing images: Testing Acc:  47.333 %
Loss and Accuracy on Validation images: Validation Loss: 1.152096    	Validation Acc:  46.667 %
Epoch:  38  	Training Loss: 1.111903    	Training Acc:  50.792 %
Accuracy on Testing images: Testing Acc:  44.000 %
Loss and Accuracy on Validation images: Validation Loss: 1.097527    	Validation Acc:  48.000 %
Epoch:  39  	Training Loss: 1.119035    	Training Acc:  50.333 %
Accuracy on Testing images: Testing Acc:  49.000 %
Loss and Accuracy on Validation images: Validation Loss: 1.193377    	Validation Acc:  48.333 %
Epoch:  40  	Training Loss: 1.140912    	Training Acc:  47.167 %
Accuracy on Testing images: Testing Acc:  48.667 %
Loss and Accuracy on Validation images: Validation Loss: 1.120928    	Validation Acc:  50.000 %
Epoch:  41  	Training Loss: 1.105393    	Training Acc:  49.833 %
Accuracy on Testing images: Testing Acc:  46.667 %
Loss and Accuracy on Validation images: Validation Loss: 1.071753    	Validation Acc:  49.667 %
Epoch:  42  	Training Loss: 1.125569    	Training Acc:  48.042 %
Accuracy on Testing images: Testing Acc:  49.000 %
Loss and Accuracy on Validation images: Validation Loss: 1.146488    	Validation Acc:  43.667 %
Epoch:  43  	Training Loss: 1.083826    	Training Acc:  50.583 %
Accuracy on Testing images: Testing Acc:  42.000 %
Loss and Accuracy on Validation images: Validation Loss: 1.129029    	Validation Acc:  46.667 %
Epoch:  44  	Training Loss: 1.083199    	Training Acc:  51.500 %
Accuracy on Testing images: Testing Acc:  49.333 %
Loss and Accuracy on Validation images: Validation Loss: 1.129212    	Validation Acc:  46.000 %
Epoch:  45  	Training Loss: 1.050789    	Training Acc:  51.792 %
Accuracy on Testing images: Testing Acc:  53.333 %
Loss and Accuracy on Validation images: Validation Loss: 1.037043    	Validation Acc:  50.000 %
Epoch:  46  	Training Loss: 1.077862    	Training Acc:  51.542 %
Accuracy on Testing images: Testing Acc:  45.667 %
Loss and Accuracy on Validation images: Validation Loss: 1.099689    	Validation Acc:  52.333 %
Epoch:  47  	Training Loss: 1.069598    	Training Acc:  52.958 %
Accuracy on Testing images: Testing Acc:  46.333 %
Loss and Accuracy on Validation images: Validation Loss: 1.051633    	Validation Acc:  54.000 %
Epoch:  48  	Training Loss: 1.133717    	Training Acc:  50.792 %
Accuracy on Testing images: Testing Acc:  42.000 %
Loss and Accuracy on Validation images: Validation Loss: 1.191473    	Validation Acc:  48.333 %
Epoch:  49  	Training Loss: 1.186504    	Training Acc:  47.958 %
Accuracy on Testing images: Testing Acc:  45.667 %
Loss and Accuracy on Validation images: Validation Loss: 1.135609    	Validation Acc:  49.000 %
Epoch:  50  	Training Loss: 1.160474    	Training Acc:  49.417 %
Accuracy on Testing images: Testing Acc:  39.667 %
Loss and Accuracy on Validation images: Validation Loss: 1.258793    	Validation Acc:  40.667 %
Epoch:  51  	Training Loss: 1.204991    	Training Acc:  47.250 %
Accuracy on Testing images: Testing Acc:  44.000 %
Loss and Accuracy on Validation images: Validation Loss: 1.247838    	Validation Acc:  47.000 %
Epoch:  52  	Training Loss: 1.172829    	Training Acc:  47.000 %
Accuracy on Testing images: Testing Acc:  51.333 %
Loss and Accuracy on Validation images: Validation Loss: 1.127562    	Validation Acc:  49.333 %
Epoch:  53  	Training Loss: 1.118324    	Training Acc:  50.458 %
Accuracy on Testing images: Testing Acc:  49.333 %
Loss and Accuracy on Validation images: Validation Loss: 1.084812    	Validation Acc:  48.000 %
Epoch:  54  	Training Loss: 1.097519    	Training Acc:  51.292 %
Accuracy on Testing images: Testing Acc:  43.333 %
Loss and Accuracy on Validation images: Validation Loss: 1.166803    	Validation Acc:  42.667 %
Epoch:  55  	Training Loss: 1.247002    	Training Acc:  43.958 %
Accuracy on Testing images: Testing Acc:  34.333 %
Loss and Accuracy on Validation images: Validation Loss: 1.317137    	Validation Acc:  36.667 %
EARLY STOP SATISFIES, STOP TRAINING
---Traing Process End---
Best Test Accuracy is: 53.333 %
