BEGIN TO LOAD DATA!
Epoch:  1  	Training Loss: 66.026775    	Training Acc:  29.167 %
Accuracy on Testing images: Testing Acc:  47.333 %
Loss and Accuracy on Validation images: Validation Loss: 1.776011    	Validation Acc:  49.667 %
Epoch:  2  	Training Loss: 2.763283    	Training Acc:  34.875 %
Accuracy on Testing images: Testing Acc:  45.667 %
Loss and Accuracy on Validation images: Validation Loss: 1.266230    	Validation Acc:  47.667 %
Epoch:  3  	Training Loss: 1.463311    	Training Acc:  37.875 %
Accuracy on Testing images: Testing Acc:  48.000 %
Loss and Accuracy on Validation images: Validation Loss: 1.225101    	Validation Acc:  48.333 %
Epoch:  4  	Training Loss: 1.327190    	Training Acc:  41.042 %
Accuracy on Testing images: Testing Acc:  46.667 %
Loss and Accuracy on Validation images: Validation Loss: 1.216654    	Validation Acc:  47.000 %
Epoch:  5  	Training Loss: 1.273082    	Training Acc:  44.375 %
Accuracy on Testing images: Testing Acc:  48.333 %
Loss and Accuracy on Validation images: Validation Loss: 1.180201    	Validation Acc:  48.667 %
Epoch:  6  	Training Loss: 1.226733    	Training Acc:  45.583 %
Accuracy on Testing images: Testing Acc:  49.667 %
Loss and Accuracy on Validation images: Validation Loss: 1.131356    	Validation Acc:  52.667 %
Epoch:  7  	Training Loss: 1.185401    	Training Acc:  46.125 %
Accuracy on Testing images: Testing Acc:  50.667 %
Loss and Accuracy on Validation images: Validation Loss: 1.102683    	Validation Acc:  54.667 %
Epoch:  8  	Training Loss: 1.141642    	Training Acc:  48.625 %
Accuracy on Testing images: Testing Acc:  54.000 %
Loss and Accuracy on Validation images: Validation Loss: 0.978395    	Validation Acc:  55.000 %
Epoch:  9  	Training Loss: 1.070963    	Training Acc:  52.167 %
Accuracy on Testing images: Testing Acc:  53.000 %
Loss and Accuracy on Validation images: Validation Loss: 0.996454    	Validation Acc:  57.000 %
Epoch:  10  	Training Loss: 1.053514    	Training Acc:  54.417 %
Accuracy on Testing images: Testing Acc:  56.667 %
Loss and Accuracy on Validation images: Validation Loss: 0.913939    	Validation Acc:  57.333 %
Epoch:  11  	Training Loss: 0.976021    	Training Acc:  56.875 %
Accuracy on Testing images: Testing Acc:  63.000 %
Loss and Accuracy on Validation images: Validation Loss: 0.831735    	Validation Acc:  61.667 %
Epoch:  12  	Training Loss: 0.885838    	Training Acc:  61.708 %
Accuracy on Testing images: Testing Acc:  66.000 %
Loss and Accuracy on Validation images: Validation Loss: 0.791876    	Validation Acc:  69.000 %
Epoch:  13  	Training Loss: 0.871529    	Training Acc:  62.167 %
Accuracy on Testing images: Testing Acc:  64.000 %
Loss and Accuracy on Validation images: Validation Loss: 0.861620    	Validation Acc:  64.000 %
Epoch:  14  	Training Loss: 0.807897    	Training Acc:  65.000 %
Accuracy on Testing images: Testing Acc:  64.333 %
Loss and Accuracy on Validation images: Validation Loss: 0.746784    	Validation Acc:  68.000 %
Epoch:  15  	Training Loss: 0.757927    	Training Acc:  66.167 %
Accuracy on Testing images: Testing Acc:  62.333 %
Loss and Accuracy on Validation images: Validation Loss: 0.782225    	Validation Acc:  63.667 %
Epoch:  16  	Training Loss: 0.761019    	Training Acc:  67.208 %
Accuracy on Testing images: Testing Acc:  65.000 %
Loss and Accuracy on Validation images: Validation Loss: 0.761308    	Validation Acc:  66.000 %
Epoch:  17  	Training Loss: 0.784124    	Training Acc:  64.750 %
Accuracy on Testing images: Testing Acc:  67.000 %
Loss and Accuracy on Validation images: Validation Loss: 0.780683    	Validation Acc:  68.333 %
Epoch:  18  	Training Loss: 0.731043    	Training Acc:  68.375 %
Accuracy on Testing images: Testing Acc:  66.000 %
Loss and Accuracy on Validation images: Validation Loss: 0.792994    	Validation Acc:  62.667 %
Epoch:  19  	Training Loss: 0.678595    	Training Acc:  70.917 %
Accuracy on Testing images: Testing Acc:  72.333 %
Loss and Accuracy on Validation images: Validation Loss: 0.656316    	Validation Acc:  76.333 %
Epoch:  20  	Training Loss: 0.678544    	Training Acc:  70.958 %
Accuracy on Testing images: Testing Acc:  70.000 %
Loss and Accuracy on Validation images: Validation Loss: 0.658121    	Validation Acc:  71.333 %
Epoch:  21  	Training Loss: 0.666210    	Training Acc:  72.333 %
Accuracy on Testing images: Testing Acc:  67.333 %
Loss and Accuracy on Validation images: Validation Loss: 0.743042    	Validation Acc:  67.333 %
Epoch:  22  	Training Loss: 0.631899    	Training Acc:  73.250 %
Accuracy on Testing images: Testing Acc:  68.667 %
Loss and Accuracy on Validation images: Validation Loss: 0.742624    	Validation Acc:  73.000 %
Epoch:  23  	Training Loss: 0.615121    	Training Acc:  72.792 %
Accuracy on Testing images: Testing Acc:  73.333 %
Loss and Accuracy on Validation images: Validation Loss: 0.694776    	Validation Acc:  72.667 %
Epoch:  24  	Training Loss: 0.647401    	Training Acc:  72.208 %
Accuracy on Testing images: Testing Acc:  71.667 %
Loss and Accuracy on Validation images: Validation Loss: 0.617559    	Validation Acc:  74.333 %
Epoch:  25  	Training Loss: 0.710527    	Training Acc:  69.792 %
Accuracy on Testing images: Testing Acc:  73.000 %
Loss and Accuracy on Validation images: Validation Loss: 0.701274    	Validation Acc:  72.000 %
Epoch:  26  	Training Loss: 0.570012    	Training Acc:  76.458 %
Accuracy on Testing images: Testing Acc:  76.667 %
Loss and Accuracy on Validation images: Validation Loss: 0.573469    	Validation Acc:  79.667 %
Epoch:  27  	Training Loss: 0.560157    	Training Acc:  76.833 %
Accuracy on Testing images: Testing Acc:  66.667 %
Loss and Accuracy on Validation images: Validation Loss: 0.772019    	Validation Acc:  70.000 %
Epoch:  28  	Training Loss: 0.578942    	Training Acc:  75.708 %
Accuracy on Testing images: Testing Acc:  71.000 %
Loss and Accuracy on Validation images: Validation Loss: 0.670986    	Validation Acc:  72.000 %
Epoch:  29  	Training Loss: 0.564953    	Training Acc:  76.625 %
Accuracy on Testing images: Testing Acc:  74.667 %
Loss and Accuracy on Validation images: Validation Loss: 0.653852    	Validation Acc:  75.667 %
Epoch:  30  	Training Loss: 0.517201    	Training Acc:  78.750 %
Accuracy on Testing images: Testing Acc:  74.333 %
Loss and Accuracy on Validation images: Validation Loss: 0.611994    	Validation Acc:  73.333 %
Epoch:  31  	Training Loss: 0.502541    	Training Acc:  79.417 %
Accuracy on Testing images: Testing Acc:  76.667 %
Loss and Accuracy on Validation images: Validation Loss: 0.656408    	Validation Acc:  76.333 %
Epoch:  32  	Training Loss: 0.550041    	Training Acc:  77.583 %
Accuracy on Testing images: Testing Acc:  73.000 %
Loss and Accuracy on Validation images: Validation Loss: 0.641843    	Validation Acc:  76.333 %
Epoch:  33  	Training Loss: 0.518337    	Training Acc:  78.917 %
Accuracy on Testing images: Testing Acc:  73.000 %
Loss and Accuracy on Validation images: Validation Loss: 0.632200    	Validation Acc:  74.000 %
Epoch:  34  	Training Loss: 0.581857    	Training Acc:  77.500 %
Accuracy on Testing images: Testing Acc:  76.667 %
Loss and Accuracy on Validation images: Validation Loss: 0.678771    	Validation Acc:  71.333 %
Epoch:  35  	Training Loss: 0.566419    	Training Acc:  76.000 %
Accuracy on Testing images: Testing Acc:  76.333 %
Loss and Accuracy on Validation images: Validation Loss: 0.641725    	Validation Acc:  76.000 %
Epoch:  36  	Training Loss: 0.431792    	Training Acc:  82.917 %
Accuracy on Testing images: Testing Acc:  73.667 %
Loss and Accuracy on Validation images: Validation Loss: 0.720101    	Validation Acc:  75.000 %
EARLY STOP SATISFIES, STOP TRAINING
---Traing Process End---
Best Test Accuracy is: 76.667 %
