BEGIN TO LOAD DATA!
Epoch:  1  	Training Loss: 106.066435    	Training Acc:  29.833 %
Accuracy on Testing images: Testing Acc:  16.000 %
Loss and Accuracy on Validation images: Validation Loss: 5.279119    	Validation Acc:  15.333 %
Epoch:  2  	Training Loss: 12.272413    	Training Acc:  29.542 %
Accuracy on Testing images: Testing Acc:  17.000 %
Loss and Accuracy on Validation images: Validation Loss: 1.566419    	Validation Acc:  12.667 %
Epoch:  3  	Training Loss: 3.306147    	Training Acc:  31.542 %
Accuracy on Testing images: Testing Acc:  28.000 %
Loss and Accuracy on Validation images: Validation Loss: 1.385366    	Validation Acc:  19.000 %
Epoch:  4  	Training Loss: 1.927482    	Training Acc:  33.333 %
Accuracy on Testing images: Testing Acc:  36.000 %
Loss and Accuracy on Validation images: Validation Loss: 1.363103    	Validation Acc:  36.667 %
Epoch:  5  	Training Loss: 1.626231    	Training Acc:  34.125 %
Accuracy on Testing images: Testing Acc:  35.333 %
Loss and Accuracy on Validation images: Validation Loss: 1.326084    	Validation Acc:  34.667 %
Epoch:  6  	Training Loss: 1.508521    	Training Acc:  37.500 %
Accuracy on Testing images: Testing Acc:  37.667 %
Loss and Accuracy on Validation images: Validation Loss: 1.282152    	Validation Acc:  41.000 %
Epoch:  7  	Training Loss: 1.380289    	Training Acc:  40.208 %
Accuracy on Testing images: Testing Acc:  44.667 %
Loss and Accuracy on Validation images: Validation Loss: 1.331341    	Validation Acc:  44.000 %
Epoch:  8  	Training Loss: 1.286842    	Training Acc:  42.292 %
Accuracy on Testing images: Testing Acc:  52.000 %
Loss and Accuracy on Validation images: Validation Loss: 1.192640    	Validation Acc:  53.333 %
Epoch:  9  	Training Loss: 1.281325    	Training Acc:  45.042 %
Accuracy on Testing images: Testing Acc:  52.667 %
Loss and Accuracy on Validation images: Validation Loss: 1.229522    	Validation Acc:  52.333 %
Epoch:  10  	Training Loss: 1.274009    	Training Acc:  45.750 %
Accuracy on Testing images: Testing Acc:  49.333 %
Loss and Accuracy on Validation images: Validation Loss: 1.203201    	Validation Acc:  49.333 %
Epoch:  11  	Training Loss: 1.281782    	Training Acc:  38.625 %
Accuracy on Testing images: Testing Acc:  49.667 %
Loss and Accuracy on Validation images: Validation Loss: 1.139687    	Validation Acc:  49.333 %
Epoch:  12  	Training Loss: 1.343964    	Training Acc:  33.042 %
Accuracy on Testing images: Testing Acc:  31.000 %
Loss and Accuracy on Validation images: Validation Loss: 1.344625    	Validation Acc:  33.000 %
Epoch:  13  	Training Loss: 1.316440    	Training Acc:  33.875 %
Accuracy on Testing images: Testing Acc:  48.667 %
Loss and Accuracy on Validation images: Validation Loss: 1.215141    	Validation Acc:  48.333 %
Epoch:  14  	Training Loss: 1.284673    	Training Acc:  37.667 %
Accuracy on Testing images: Testing Acc:  51.000 %
Loss and Accuracy on Validation images: Validation Loss: 1.112141    	Validation Acc:  49.000 %
Epoch:  15  	Training Loss: 1.251216    	Training Acc:  37.708 %
Accuracy on Testing images: Testing Acc:  48.667 %
Loss and Accuracy on Validation images: Validation Loss: 1.069687    	Validation Acc:  51.667 %
Epoch:  16  	Training Loss: 1.227239    	Training Acc:  41.583 %
Accuracy on Testing images: Testing Acc:  51.000 %
Loss and Accuracy on Validation images: Validation Loss: 1.061841    	Validation Acc:  52.333 %
Epoch:  17  	Training Loss: 1.149999    	Training Acc:  43.292 %
Accuracy on Testing images: Testing Acc:  55.333 %
Loss and Accuracy on Validation images: Validation Loss: 1.070864    	Validation Acc:  56.000 %
Epoch:  18  	Training Loss: 1.202906    	Training Acc:  42.542 %
Accuracy on Testing images: Testing Acc:  43.333 %
Loss and Accuracy on Validation images: Validation Loss: 1.235598    	Validation Acc:  41.667 %
Epoch:  19  	Training Loss: 1.287954    	Training Acc:  38.708 %
Accuracy on Testing images: Testing Acc:  55.667 %
Loss and Accuracy on Validation images: Validation Loss: 1.106451    	Validation Acc:  55.333 %
Epoch:  20  	Training Loss: 1.249400    	Training Acc:  41.875 %
Accuracy on Testing images: Testing Acc:  50.667 %
Loss and Accuracy on Validation images: Validation Loss: 1.098815    	Validation Acc:  54.667 %
Epoch:  21  	Training Loss: 1.207569    	Training Acc:  44.750 %
Accuracy on Testing images: Testing Acc:  56.000 %
Loss and Accuracy on Validation images: Validation Loss: 1.107161    	Validation Acc:  53.667 %
Epoch:  22  	Training Loss: 1.192675    	Training Acc:  45.500 %
Accuracy on Testing images: Testing Acc:  47.667 %
Loss and Accuracy on Validation images: Validation Loss: 1.093847    	Validation Acc:  48.000 %
Epoch:  23  	Training Loss: 1.162043    	Training Acc:  46.250 %
Accuracy on Testing images: Testing Acc:  59.667 %
Loss and Accuracy on Validation images: Validation Loss: 1.004711    	Validation Acc:  60.000 %
Epoch:  24  	Training Loss: 1.192786    	Training Acc:  44.167 %
Accuracy on Testing images: Testing Acc:  54.333 %
Loss and Accuracy on Validation images: Validation Loss: 1.098811    	Validation Acc:  54.000 %
Epoch:  25  	Training Loss: 1.184048    	Training Acc:  46.042 %
Accuracy on Testing images: Testing Acc:  55.667 %
Loss and Accuracy on Validation images: Validation Loss: 1.052646    	Validation Acc:  58.000 %
Epoch:  26  	Training Loss: 1.133096    	Training Acc:  47.958 %
Accuracy on Testing images: Testing Acc:  49.667 %
Loss and Accuracy on Validation images: Validation Loss: 1.121773    	Validation Acc:  51.333 %
Epoch:  27  	Training Loss: 1.250533    	Training Acc:  41.792 %
Accuracy on Testing images: Testing Acc:  54.667 %
Loss and Accuracy on Validation images: Validation Loss: 1.119865    	Validation Acc:  56.333 %
Epoch:  28  	Training Loss: 1.250362    	Training Acc:  41.542 %
Accuracy on Testing images: Testing Acc:  53.333 %
Loss and Accuracy on Validation images: Validation Loss: 1.150839    	Validation Acc:  55.667 %
Epoch:  29  	Training Loss: 1.223439    	Training Acc:  42.500 %
Accuracy on Testing images: Testing Acc:  56.667 %
Loss and Accuracy on Validation images: Validation Loss: 1.075703    	Validation Acc:  58.333 %
Epoch:  30  	Training Loss: 1.151528    	Training Acc:  47.958 %
Accuracy on Testing images: Testing Acc:  56.000 %
Loss and Accuracy on Validation images: Validation Loss: 1.069983    	Validation Acc:  58.333 %
Epoch:  31  	Training Loss: 1.144729    	Training Acc:  47.875 %
Accuracy on Testing images: Testing Acc:  55.333 %
Loss and Accuracy on Validation images: Validation Loss: 0.989532    	Validation Acc:  58.000 %
Epoch:  32  	Training Loss: 1.163188    	Training Acc:  46.000 %
Accuracy on Testing images: Testing Acc:  53.333 %
Loss and Accuracy on Validation images: Validation Loss: 1.056962    	Validation Acc:  56.000 %
Epoch:  33  	Training Loss: 1.195178    	Training Acc:  44.833 %
Accuracy on Testing images: Testing Acc:  54.000 %
Loss and Accuracy on Validation images: Validation Loss: 1.059694    	Validation Acc:  55.667 %
Epoch:  34  	Training Loss: 1.163891    	Training Acc:  46.458 %
Accuracy on Testing images: Testing Acc:  57.667 %
Loss and Accuracy on Validation images: Validation Loss: 0.969257    	Validation Acc:  57.333 %
Epoch:  35  	Training Loss: 1.131819    	Training Acc:  48.375 %
Accuracy on Testing images: Testing Acc:  56.333 %
Loss and Accuracy on Validation images: Validation Loss: 0.956725    	Validation Acc:  60.000 %
Epoch:  36  	Training Loss: 1.152121    	Training Acc:  48.708 %
Accuracy on Testing images: Testing Acc:  59.333 %
Loss and Accuracy on Validation images: Validation Loss: 0.963955    	Validation Acc:  59.667 %
Epoch:  37  	Training Loss: 1.134749    	Training Acc:  47.167 %
Accuracy on Testing images: Testing Acc:  55.333 %
Loss and Accuracy on Validation images: Validation Loss: 0.952102    	Validation Acc:  57.667 %
Epoch:  38  	Training Loss: 1.122150    	Training Acc:  48.958 %
Accuracy on Testing images: Testing Acc:  55.333 %
Loss and Accuracy on Validation images: Validation Loss: 0.945435    	Validation Acc:  61.000 %
Epoch:  39  	Training Loss: 1.130625    	Training Acc:  48.833 %
Accuracy on Testing images: Testing Acc:  54.667 %
Loss and Accuracy on Validation images: Validation Loss: 0.932769    	Validation Acc:  59.000 %
Epoch:  40  	Training Loss: 1.166181    	Training Acc:  46.083 %
Accuracy on Testing images: Testing Acc:  54.000 %
Loss and Accuracy on Validation images: Validation Loss: 1.016594    	Validation Acc:  58.667 %
Epoch:  41  	Training Loss: 1.235760    	Training Acc:  41.167 %
Accuracy on Testing images: Testing Acc:  52.333 %
Loss and Accuracy on Validation images: Validation Loss: 1.073329    	Validation Acc:  55.667 %
Epoch:  42  	Training Loss: 1.233508    	Training Acc:  39.708 %
Accuracy on Testing images: Testing Acc:  51.000 %
Loss and Accuracy on Validation images: Validation Loss: 1.140668    	Validation Acc:  52.000 %
Epoch:  43  	Training Loss: 1.240333    	Training Acc:  40.000 %
Accuracy on Testing images: Testing Acc:  53.667 %
Loss and Accuracy on Validation images: Validation Loss: 1.097616    	Validation Acc:  55.333 %
Epoch:  44  	Training Loss: 1.248879    	Training Acc:  39.375 %
Accuracy on Testing images: Testing Acc:  52.000 %
Loss and Accuracy on Validation images: Validation Loss: 1.097845    	Validation Acc:  55.000 %
Epoch:  45  	Training Loss: 1.226523    	Training Acc:  40.125 %
Accuracy on Testing images: Testing Acc:  52.000 %
Loss and Accuracy on Validation images: Validation Loss: 1.078813    	Validation Acc:  56.000 %
Epoch:  46  	Training Loss: 1.224509    	Training Acc:  40.042 %
Accuracy on Testing images: Testing Acc:  53.333 %
Loss and Accuracy on Validation images: Validation Loss: 1.099180    	Validation Acc:  55.333 %
Epoch:  47  	Training Loss: 1.217506    	Training Acc:  40.625 %
Accuracy on Testing images: Testing Acc:  54.000 %
Loss and Accuracy on Validation images: Validation Loss: 1.069372    	Validation Acc:  57.000 %
Epoch:  48  	Training Loss: 1.247310    	Training Acc:  38.333 %
Accuracy on Testing images: Testing Acc:  52.333 %
Loss and Accuracy on Validation images: Validation Loss: 1.075595    	Validation Acc:  55.000 %
Epoch:  49  	Training Loss: 1.222081    	Training Acc:  40.542 %
Accuracy on Testing images: Testing Acc:  52.000 %
Loss and Accuracy on Validation images: Validation Loss: 1.074435    	Validation Acc:  54.333 %
EARLY STOP SATISFIES, STOP TRAINING
---Traing Process End---
Best Test Accuracy is: 54.667 %
