BEGIN TO LOAD DATA!
----------------EPOCH 1-------------------
Train Loss:     1.97 | Training Acc:    46.46
Testing Acc:     58.50
Validation Loss:     1.00 | Val Acc:    58.00
----------------EPOCH 2-------------------
Train Loss:     0.76 | Training Acc:    69.50
Testing Acc:     78.33
Validation Loss:     0.61 | Val Acc:    78.00
----------------EPOCH 3-------------------
Train Loss:     0.52 | Training Acc:    79.50
Testing Acc:     75.00
Validation Loss:     0.63 | Val Acc:    73.67
----------------EPOCH 4-------------------
Train Loss:     0.40 | Training Acc:    85.21
Testing Acc:     84.00
Validation Loss:     0.46 | Val Acc:    82.33
----------------EPOCH 5-------------------
Train Loss:     0.27 | Training Acc:    89.04
Testing Acc:     87.00
Validation Loss:     0.38 | Val Acc:    86.67
----------------EPOCH 6-------------------
Train Loss:     0.21 | Training Acc:    92.17
Testing Acc:     91.33
Validation Loss:     0.29 | Val Acc:    90.33
----------------EPOCH 7-------------------
Train Loss:     0.15 | Training Acc:    94.42
Testing Acc:     90.00
Validation Loss:     0.31 | Val Acc:    89.67
----------------EPOCH 8-------------------
Train Loss:     0.09 | Training Acc:    97.29
Testing Acc:     91.00
Validation Loss:     0.25 | Val Acc:    91.67
----------------EPOCH 9-------------------
Train Loss:     0.05 | Training Acc:    98.12
Testing Acc:     93.00
Validation Loss:     0.30 | Val Acc:    92.67
----------------EPOCH 10-------------------
Train Loss:     0.10 | Training Acc:    96.79
Testing Acc:     92.33
Validation Loss:     0.26 | Val Acc:    93.00
----------------EPOCH 11-------------------
Train Loss:     0.12 | Training Acc:    95.75
Testing Acc:     93.50
Validation Loss:     0.23 | Val Acc:    94.33
----------------EPOCH 12-------------------
Train Loss:     0.06 | Training Acc:    97.88
Testing Acc:     93.50
Validation Loss:     0.23 | Val Acc:    93.67
----------------EPOCH 13-------------------
Train Loss:     0.04 | Training Acc:    99.17
Testing Acc:     90.17
Validation Loss:     0.44 | Val Acc:    90.67
----------------EPOCH 14-------------------
Train Loss:     0.07 | Training Acc:    97.79
Testing Acc:     94.50
Validation Loss:     0.23 | Val Acc:    95.33
----------------EPOCH 15-------------------
Train Loss:     0.05 | Training Acc:    98.42
Testing Acc:     85.83
Validation Loss:     0.60 | Val Acc:    86.00
----------------EPOCH 16-------------------
Train Loss:     0.15 | Training Acc:    95.00
Testing Acc:     90.00
Validation Loss:     0.52 | Val Acc:    89.67
----------------EPOCH 17-------------------
Train Loss:     0.06 | Training Acc:    97.79
Testing Acc:     93.00
Validation Loss:     0.21 | Val Acc:    94.33
----------------EPOCH 18-------------------
Train Loss:     0.03 | Training Acc:    99.04
Testing Acc:     94.00
Validation Loss:     0.24 | Val Acc:    95.00
----------------EPOCH 19-------------------
Train Loss:     0.01 | Training Acc:    99.83
Testing Acc:     95.33
Validation Loss:     0.13 | Val Acc:    96.00
----------------EPOCH 20-------------------
Train Loss:     0.00 | Training Acc:    99.96
Testing Acc:     95.50
Validation Loss:     0.17 | Val Acc:    96.33
----------------EPOCH 21-------------------
Train Loss:     0.00 | Training Acc:   100.00
Testing Acc:     95.17
Validation Loss:     0.21 | Val Acc:    96.00
----------------EPOCH 22-------------------
Train Loss:     0.00 | Training Acc:    99.92
Testing Acc:     95.67
Validation Loss:     0.19 | Val Acc:    96.33
----------------EPOCH 23-------------------
Train Loss:     0.00 | Training Acc:   100.00
Testing Acc:     95.50
Validation Loss:     0.19 | Val Acc:    96.00
----------------EPOCH 24-------------------
Train Loss:     0.00 | Training Acc:   100.00
Testing Acc:     95.67
Validation Loss:     0.16 | Val Acc:    96.33
----------------EPOCH 25-------------------
Train Loss:     0.00 | Training Acc:   100.00
Testing Acc:     96.00
Validation Loss:     0.16 | Val Acc:    96.67
----------------EPOCH 26-------------------
Train Loss:     0.00 | Training Acc:   100.00
Testing Acc:     95.50
Validation Loss:     0.17 | Val Acc:    96.67
----------------EPOCH 27-------------------
Train Loss:     0.00 | Training Acc:   100.00
Testing Acc:     95.50
Validation Loss:     0.17 | Val Acc:    96.67
----------------EPOCH 28-------------------
Train Loss:     0.00 | Training Acc:   100.00
Testing Acc:     95.67
Validation Loss:     0.17 | Val Acc:    96.67
----------------EPOCH 29-------------------
Train Loss:     0.00 | Training Acc:   100.00
Testing Acc:     95.83
Validation Loss:     0.17 | Val Acc:    96.67
----------------EPOCH 30-------------------
Train Loss:     0.00 | Training Acc:   100.00
Testing Acc:     95.67
Validation Loss:     0.18 | Val Acc:    96.33
----------------EPOCH 31-------------------
Train Loss:     0.00 | Training Acc:   100.00
Testing Acc:     95.67
Validation Loss:     0.18 | Val Acc:    96.33
----------------EPOCH 32-------------------
Train Loss:     0.00 | Training Acc:   100.00
Testing Acc:     95.50
Validation Loss:     0.18 | Val Acc:    96.33
----------------EPOCH 33-------------------
Train Loss:     0.00 | Training Acc:   100.00
Testing Acc:     95.50
Validation Loss:     0.19 | Val Acc:    96.33
----------------EPOCH 34-------------------
Train Loss:     0.00 | Training Acc:   100.00
Testing Acc:     95.50
Validation Loss:     0.19 | Val Acc:    96.33
----------------EPOCH 35-------------------
Train Loss:     0.00 | Training Acc:   100.00
Testing Acc:     95.50
Validation Loss:     0.19 | Val Acc:    96.33
EARLY STOP SATISFIES, STOP TRAINING
---Traing Process End---
Best Test Accuracy is: 96.000 %
