BEGIN TO LOAD DATA!
Epoch:  1  	Training Loss: 49.340771    	Training Acc:  28.917 %
Accuracy on Testing images: Testing Acc:  29.000 %
Loss and Accuracy on Validation images: Validation Loss: 2.738274    	Validation Acc:  26.333 %
Epoch:  2  	Training Loss: 1.628316    	Training Acc:  33.042 %
Accuracy on Testing images: Testing Acc:  35.667 %
Loss and Accuracy on Validation images: Validation Loss: 1.351731    	Validation Acc:  37.667 %
Epoch:  3  	Training Loss: 1.360106    	Training Acc:  38.125 %
Accuracy on Testing images: Testing Acc:  37.333 %
Loss and Accuracy on Validation images: Validation Loss: 1.369951    	Validation Acc:  41.000 %
Epoch:  4  	Training Loss: 1.315171    	Training Acc:  39.083 %
Accuracy on Testing images: Testing Acc:  42.000 %
Loss and Accuracy on Validation images: Validation Loss: 1.298736    	Validation Acc:  43.333 %
Epoch:  5  	Training Loss: 1.251553    	Training Acc:  42.583 %
Accuracy on Testing images: Testing Acc:  40.333 %
Loss and Accuracy on Validation images: Validation Loss: 1.253208    	Validation Acc:  42.667 %
Epoch:  6  	Training Loss: 1.163047    	Training Acc:  44.667 %
Accuracy on Testing images: Testing Acc:  43.667 %
Loss and Accuracy on Validation images: Validation Loss: 1.147318    	Validation Acc:  46.667 %
Epoch:  7  	Training Loss: 1.089688    	Training Acc:  47.500 %
Accuracy on Testing images: Testing Acc:  44.667 %
Loss and Accuracy on Validation images: Validation Loss: 1.213735    	Validation Acc:  52.667 %
Epoch:  8  	Training Loss: 1.056968    	Training Acc:  48.333 %
Accuracy on Testing images: Testing Acc:  43.333 %
Loss and Accuracy on Validation images: Validation Loss: 1.098901    	Validation Acc:  45.333 %
Epoch:  9  	Training Loss: 1.035006    	Training Acc:  48.167 %
Accuracy on Testing images: Testing Acc:  44.333 %
Loss and Accuracy on Validation images: Validation Loss: 0.985395    	Validation Acc:  51.000 %
Epoch:  10  	Training Loss: 0.996886    	Training Acc:  51.125 %
Accuracy on Testing images: Testing Acc:  45.333 %
Loss and Accuracy on Validation images: Validation Loss: 1.023443    	Validation Acc:  48.667 %
Epoch:  11  	Training Loss: 0.969622    	Training Acc:  50.792 %
Accuracy on Testing images: Testing Acc:  46.667 %
Loss and Accuracy on Validation images: Validation Loss: 1.058388    	Validation Acc:  49.333 %
Epoch:  12  	Training Loss: 0.888939    	Training Acc:  55.958 %
Accuracy on Testing images: Testing Acc:  50.000 %
Loss and Accuracy on Validation images: Validation Loss: 0.988147    	Validation Acc:  55.667 %
Epoch:  13  	Training Loss: 0.854626    	Training Acc:  58.458 %
Accuracy on Testing images: Testing Acc:  57.333 %
Loss and Accuracy on Validation images: Validation Loss: 0.955350    	Validation Acc:  57.333 %
Epoch:  14  	Training Loss: 0.867378    	Training Acc:  59.000 %
Accuracy on Testing images: Testing Acc:  59.333 %
Loss and Accuracy on Validation images: Validation Loss: 0.825619    	Validation Acc:  68.333 %
Epoch:  15  	Training Loss: 0.810600    	Training Acc:  62.875 %
Accuracy on Testing images: Testing Acc:  55.000 %
Loss and Accuracy on Validation images: Validation Loss: 1.129268    	Validation Acc:  62.333 %
Epoch:  16  	Training Loss: 0.818399    	Training Acc:  62.667 %
Accuracy on Testing images: Testing Acc:  60.333 %
Loss and Accuracy on Validation images: Validation Loss: 0.897575    	Validation Acc:  62.667 %
Epoch:  17  	Training Loss: 0.733871    	Training Acc:  68.125 %
Accuracy on Testing images: Testing Acc:  61.000 %
Loss and Accuracy on Validation images: Validation Loss: 0.947659    	Validation Acc:  66.000 %
Epoch:  18  	Training Loss: 0.754564    	Training Acc:  67.083 %
Accuracy on Testing images: Testing Acc:  58.667 %
Loss and Accuracy on Validation images: Validation Loss: 0.887032    	Validation Acc:  66.000 %
Epoch:  19  	Training Loss: 0.709916    	Training Acc:  68.208 %
Accuracy on Testing images: Testing Acc:  67.000 %
Loss and Accuracy on Validation images: Validation Loss: 1.037302    	Validation Acc:  65.333 %
Epoch:  20  	Training Loss: 0.700784    	Training Acc:  69.750 %
Accuracy on Testing images: Testing Acc:  61.667 %
Loss and Accuracy on Validation images: Validation Loss: 0.880992    	Validation Acc:  67.000 %
Epoch:  21  	Training Loss: 0.772454    	Training Acc:  67.417 %
Accuracy on Testing images: Testing Acc:  64.333 %
Loss and Accuracy on Validation images: Validation Loss: 0.919558    	Validation Acc:  68.000 %
Epoch:  22  	Training Loss: 0.601702    	Training Acc:  74.083 %
Accuracy on Testing images: Testing Acc:  64.000 %
Loss and Accuracy on Validation images: Validation Loss: 0.823080    	Validation Acc:  65.000 %
Epoch:  23  	Training Loss: 0.639217    	Training Acc:  73.417 %
Accuracy on Testing images: Testing Acc:  57.667 %
Loss and Accuracy on Validation images: Validation Loss: 0.937936    	Validation Acc:  61.000 %
Epoch:  24  	Training Loss: 0.684204    	Training Acc:  71.958 %
Accuracy on Testing images: Testing Acc:  65.667 %
Loss and Accuracy on Validation images: Validation Loss: 0.988316    	Validation Acc:  62.000 %
Epoch:  25  	Training Loss: 0.672092    	Training Acc:  73.792 %
Accuracy on Testing images: Testing Acc:  69.333 %
Loss and Accuracy on Validation images: Validation Loss: 0.725109    	Validation Acc:  70.000 %
Epoch:  26  	Training Loss: 0.585970    	Training Acc:  76.792 %
Accuracy on Testing images: Testing Acc:  66.000 %
Loss and Accuracy on Validation images: Validation Loss: 0.878991    	Validation Acc:  67.667 %
Epoch:  27  	Training Loss: 0.591274    	Training Acc:  75.583 %
Accuracy on Testing images: Testing Acc:  69.000 %
Loss and Accuracy on Validation images: Validation Loss: 0.845198    	Validation Acc:  71.333 %
Epoch:  28  	Training Loss: 0.537965    	Training Acc:  78.167 %
Accuracy on Testing images: Testing Acc:  69.667 %
Loss and Accuracy on Validation images: Validation Loss: 0.796745    	Validation Acc:  72.667 %
Epoch:  29  	Training Loss: 0.579499    	Training Acc:  77.125 %
Accuracy on Testing images: Testing Acc:  61.333 %
Loss and Accuracy on Validation images: Validation Loss: 0.795971    	Validation Acc:  70.000 %
Epoch:  30  	Training Loss: 0.727146    	Training Acc:  71.417 %
Accuracy on Testing images: Testing Acc:  54.333 %
Loss and Accuracy on Validation images: Validation Loss: 1.088659    	Validation Acc:  58.667 %
Epoch:  31  	Training Loss: 0.714498    	Training Acc:  71.708 %
Accuracy on Testing images: Testing Acc:  63.333 %
Loss and Accuracy on Validation images: Validation Loss: 0.985080    	Validation Acc:  65.000 %
Epoch:  32  	Training Loss: 0.548634    	Training Acc:  78.708 %
Accuracy on Testing images: Testing Acc:  69.000 %
Loss and Accuracy on Validation images: Validation Loss: 0.799967    	Validation Acc:  71.333 %
Epoch:  33  	Training Loss: 0.543318    	Training Acc:  78.042 %
Accuracy on Testing images: Testing Acc:  59.333 %
Loss and Accuracy on Validation images: Validation Loss: 1.114393    	Validation Acc:  60.667 %
Epoch:  34  	Training Loss: 0.690564    	Training Acc:  71.375 %
Accuracy on Testing images: Testing Acc:  65.667 %
Loss and Accuracy on Validation images: Validation Loss: 0.911786    	Validation Acc:  73.333 %
Epoch:  35  	Training Loss: 0.490813    	Training Acc:  80.000 %
Accuracy on Testing images: Testing Acc:  69.000 %
Loss and Accuracy on Validation images: Validation Loss: 1.066705    	Validation Acc:  70.333 %
EARLY STOP SATISFIES, STOP TRAINING
---Traing Process End---
Best Test Accuracy is: 69.333 %
