BEGIN TO LOAD DATA!
Epoch:  1  	Training Loss: 54.119413    	Training Acc:  29.458 %
Accuracy on Testing images: Testing Acc:  34.000 %
Loss and Accuracy on Validation images: Validation Loss: 3.540962    	Validation Acc:  35.667 %
Epoch:  2  	Training Loss: 2.042088    	Training Acc:  34.917 %
Accuracy on Testing images: Testing Acc:  36.333 %
Loss and Accuracy on Validation images: Validation Loss: 1.444456    	Validation Acc:  36.000 %
Epoch:  3  	Training Loss: 1.415518    	Training Acc:  35.167 %
Accuracy on Testing images: Testing Acc:  32.667 %
Loss and Accuracy on Validation images: Validation Loss: 1.430449    	Validation Acc:  36.667 %
Epoch:  4  	Training Loss: 1.320441    	Training Acc:  40.708 %
Accuracy on Testing images: Testing Acc:  44.000 %
Loss and Accuracy on Validation images: Validation Loss: 1.261577    	Validation Acc:  44.333 %
Epoch:  5  	Training Loss: 1.273819    	Training Acc:  44.333 %
Accuracy on Testing images: Testing Acc:  43.667 %
Loss and Accuracy on Validation images: Validation Loss: 1.305849    	Validation Acc:  40.000 %
Epoch:  6  	Training Loss: 1.202475    	Training Acc:  46.042 %
Accuracy on Testing images: Testing Acc:  44.000 %
Loss and Accuracy on Validation images: Validation Loss: 1.154267    	Validation Acc:  50.333 %
Epoch:  7  	Training Loss: 1.159645    	Training Acc:  46.458 %
Accuracy on Testing images: Testing Acc:  50.000 %
Loss and Accuracy on Validation images: Validation Loss: 1.177079    	Validation Acc:  48.333 %
Epoch:  8  	Training Loss: 1.116258    	Training Acc:  48.833 %
Accuracy on Testing images: Testing Acc:  49.000 %
Loss and Accuracy on Validation images: Validation Loss: 1.153244    	Validation Acc:  48.667 %
Epoch:  9  	Training Loss: 1.061654    	Training Acc:  49.292 %
Accuracy on Testing images: Testing Acc:  49.000 %
Loss and Accuracy on Validation images: Validation Loss: 1.057031    	Validation Acc:  47.667 %
Epoch:  10  	Training Loss: 1.007250    	Training Acc:  51.250 %
Accuracy on Testing images: Testing Acc:  51.000 %
Loss and Accuracy on Validation images: Validation Loss: 1.033710    	Validation Acc:  52.667 %
Epoch:  11  	Training Loss: 0.957678    	Training Acc:  53.667 %
Accuracy on Testing images: Testing Acc:  48.333 %
Loss and Accuracy on Validation images: Validation Loss: 0.973268    	Validation Acc:  49.667 %
Epoch:  12  	Training Loss: 0.928702    	Training Acc:  55.167 %
Accuracy on Testing images: Testing Acc:  52.333 %
Loss and Accuracy on Validation images: Validation Loss: 1.043116    	Validation Acc:  58.667 %
Epoch:  13  	Training Loss: 0.898503    	Training Acc:  58.167 %
Accuracy on Testing images: Testing Acc:  58.000 %
Loss and Accuracy on Validation images: Validation Loss: 0.960983    	Validation Acc:  57.000 %
Epoch:  14  	Training Loss: 0.842694    	Training Acc:  59.208 %
Accuracy on Testing images: Testing Acc:  62.000 %
Loss and Accuracy on Validation images: Validation Loss: 1.004994    	Validation Acc:  56.000 %
Epoch:  15  	Training Loss: 0.819672    	Training Acc:  62.250 %
Accuracy on Testing images: Testing Acc:  61.000 %
Loss and Accuracy on Validation images: Validation Loss: 0.885478    	Validation Acc:  57.667 %
Epoch:  16  	Training Loss: 0.783296    	Training Acc:  62.667 %
Accuracy on Testing images: Testing Acc:  60.333 %
Loss and Accuracy on Validation images: Validation Loss: 0.907143    	Validation Acc:  60.000 %
Epoch:  17  	Training Loss: 0.765085    	Training Acc:  64.458 %
Accuracy on Testing images: Testing Acc:  64.333 %
Loss and Accuracy on Validation images: Validation Loss: 0.933752    	Validation Acc:  60.000 %
Epoch:  18  	Training Loss: 0.746645    	Training Acc:  66.042 %
Accuracy on Testing images: Testing Acc:  59.333 %
Loss and Accuracy on Validation images: Validation Loss: 0.841070    	Validation Acc:  59.000 %
Epoch:  19  	Training Loss: 0.721371    	Training Acc:  67.333 %
Accuracy on Testing images: Testing Acc:  65.667 %
Loss and Accuracy on Validation images: Validation Loss: 0.908454    	Validation Acc:  60.000 %
Epoch:  20  	Training Loss: 0.689245    	Training Acc:  69.750 %
Accuracy on Testing images: Testing Acc:  63.000 %
Loss and Accuracy on Validation images: Validation Loss: 0.930450    	Validation Acc:  58.333 %
Epoch:  21  	Training Loss: 0.762732    	Training Acc:  67.375 %
Accuracy on Testing images: Testing Acc:  58.333 %
Loss and Accuracy on Validation images: Validation Loss: 1.189797    	Validation Acc:  57.333 %
Epoch:  22  	Training Loss: 0.640440    	Training Acc:  71.833 %
Accuracy on Testing images: Testing Acc:  62.333 %
Loss and Accuracy on Validation images: Validation Loss: 0.872505    	Validation Acc:  61.000 %
Epoch:  23  	Training Loss: 0.591239    	Training Acc:  73.583 %
Accuracy on Testing images: Testing Acc:  67.333 %
Loss and Accuracy on Validation images: Validation Loss: 0.997982    	Validation Acc:  64.000 %
Epoch:  24  	Training Loss: 0.612785    	Training Acc:  73.375 %
Accuracy on Testing images: Testing Acc:  70.667 %
Loss and Accuracy on Validation images: Validation Loss: 0.849149    	Validation Acc:  68.000 %
Epoch:  25  	Training Loss: 0.543355    	Training Acc:  76.208 %
Accuracy on Testing images: Testing Acc:  67.333 %
Loss and Accuracy on Validation images: Validation Loss: 0.819402    	Validation Acc:  64.333 %
Epoch:  26  	Training Loss: 0.544895    	Training Acc:  76.375 %
Accuracy on Testing images: Testing Acc:  73.333 %
Loss and Accuracy on Validation images: Validation Loss: 0.804245    	Validation Acc:  68.000 %
Epoch:  27  	Training Loss: 0.570150    	Training Acc:  75.292 %
Accuracy on Testing images: Testing Acc:  70.333 %
Loss and Accuracy on Validation images: Validation Loss: 0.831974    	Validation Acc:  64.333 %
Epoch:  28  	Training Loss: 0.510641    	Training Acc:  78.917 %
Accuracy on Testing images: Testing Acc:  72.667 %
Loss and Accuracy on Validation images: Validation Loss: 0.773850    	Validation Acc:  69.667 %
Epoch:  29  	Training Loss: 0.448037    	Training Acc:  81.042 %
Accuracy on Testing images: Testing Acc:  75.667 %
Loss and Accuracy on Validation images: Validation Loss: 0.837099    	Validation Acc:  67.333 %
Epoch:  30  	Training Loss: 0.478257    	Training Acc:  80.000 %
Accuracy on Testing images: Testing Acc:  72.333 %
Loss and Accuracy on Validation images: Validation Loss: 0.772535    	Validation Acc:  71.000 %
Epoch:  31  	Training Loss: 0.491157    	Training Acc:  79.375 %
Accuracy on Testing images: Testing Acc:  65.667 %
Loss and Accuracy on Validation images: Validation Loss: 0.921284    	Validation Acc:  63.667 %
Epoch:  32  	Training Loss: 0.551879    	Training Acc:  77.833 %
Accuracy on Testing images: Testing Acc:  71.000 %
Loss and Accuracy on Validation images: Validation Loss: 0.889296    	Validation Acc:  66.000 %
Epoch:  33  	Training Loss: 0.446826    	Training Acc:  82.750 %
Accuracy on Testing images: Testing Acc:  75.333 %
Loss and Accuracy on Validation images: Validation Loss: 0.838213    	Validation Acc:  72.000 %
Epoch:  34  	Training Loss: 0.483395    	Training Acc:  80.208 %
Accuracy on Testing images: Testing Acc:  75.000 %
Loss and Accuracy on Validation images: Validation Loss: 0.683332    	Validation Acc:  71.333 %
Epoch:  35  	Training Loss: 0.424590    	Training Acc:  81.792 %
Accuracy on Testing images: Testing Acc:  75.667 %
Loss and Accuracy on Validation images: Validation Loss: 0.645090    	Validation Acc:  76.333 %
Epoch:  36  	Training Loss: 0.451568    	Training Acc:  83.458 %
Accuracy on Testing images: Testing Acc:  56.000 %
Loss and Accuracy on Validation images: Validation Loss: 1.855378    	Validation Acc:  50.333 %
Epoch:  37  	Training Loss: 0.631713    	Training Acc:  75.292 %
Accuracy on Testing images: Testing Acc:  74.000 %
Loss and Accuracy on Validation images: Validation Loss: 0.759230    	Validation Acc:  75.667 %
Epoch:  38  	Training Loss: 0.379599    	Training Acc:  84.750 %
Accuracy on Testing images: Testing Acc:  76.333 %
Loss and Accuracy on Validation images: Validation Loss: 0.782473    	Validation Acc:  74.333 %
Epoch:  39  	Training Loss: 0.350763    	Training Acc:  86.833 %
Accuracy on Testing images: Testing Acc:  75.333 %
Loss and Accuracy on Validation images: Validation Loss: 0.677371    	Validation Acc:  73.333 %
Epoch:  40  	Training Loss: 0.385645    	Training Acc:  84.917 %
Accuracy on Testing images: Testing Acc:  78.667 %
Loss and Accuracy on Validation images: Validation Loss: 0.717271    	Validation Acc:  73.667 %
Epoch:  41  	Training Loss: 0.356035    	Training Acc:  86.250 %
Accuracy on Testing images: Testing Acc:  72.000 %
Loss and Accuracy on Validation images: Validation Loss: 0.757092    	Validation Acc:  75.333 %
Epoch:  42  	Training Loss: 0.423321    	Training Acc:  83.625 %
Accuracy on Testing images: Testing Acc:  76.333 %
Loss and Accuracy on Validation images: Validation Loss: 0.783472    	Validation Acc:  74.333 %
Epoch:  43  	Training Loss: 0.338524    	Training Acc:  87.250 %
Accuracy on Testing images: Testing Acc:  71.333 %
Loss and Accuracy on Validation images: Validation Loss: 0.950194    	Validation Acc:  69.333 %
Epoch:  44  	Training Loss: 0.368800    	Training Acc:  85.125 %
Accuracy on Testing images: Testing Acc:  75.000 %
Loss and Accuracy on Validation images: Validation Loss: 0.699274    	Validation Acc:  75.000 %
Epoch:  45  	Training Loss: 0.395790    	Training Acc:  85.583 %
Accuracy on Testing images: Testing Acc:  63.000 %
Loss and Accuracy on Validation images: Validation Loss: 1.113859    	Validation Acc:  64.000 %
EARLY STOP SATISFIES, STOP TRAINING
---Traing Process End---
Best Test Accuracy is: 75.667 %
