BEGIN TO LOAD DATA!
/home/uceehx2/AMLS-Image-Classification/model_cnn.py:23: UserWarning: Implicit dimension choice for log_softmax has been deprecated. Change the call to include dim=X as an argument.
  return F.log_softmax(x)
----------------EPOCH 1-------------------
Train Loss:     4.32 | Training Acc:    41.12
Testing Acc:     45.50
Validation Loss:     1.22 | Val Acc:    46.67
----------------EPOCH 2-------------------
Train Loss:     1.02 | Training Acc:    59.25
Testing Acc:     69.17
Validation Loss:     0.79 | Val Acc:    71.67
----------------EPOCH 3-------------------
Train Loss:     0.70 | Training Acc:    72.58
Testing Acc:     72.33
Validation Loss:     0.67 | Val Acc:    75.00
----------------EPOCH 4-------------------
Train Loss:     0.55 | Training Acc:    77.92
Testing Acc:     77.50
Validation Loss:     0.56 | Val Acc:    80.67
----------------EPOCH 5-------------------
Train Loss:     0.44 | Training Acc:    84.33
Testing Acc:     80.33
Validation Loss:     0.50 | Val Acc:    82.67
----------------EPOCH 6-------------------
Train Loss:     0.34 | Training Acc:    88.71
Testing Acc:     80.33
Validation Loss:     0.49 | Val Acc:    82.67
----------------EPOCH 7-------------------
Train Loss:     0.26 | Training Acc:    92.04
Testing Acc:     82.83
Validation Loss:     0.42 | Val Acc:    84.33
----------------EPOCH 8-------------------
Train Loss:     0.21 | Training Acc:    94.50
Testing Acc:     83.17
Validation Loss:     0.40 | Val Acc:    84.67
----------------EPOCH 9-------------------
Train Loss:     0.18 | Training Acc:    95.58
Testing Acc:     86.00
Validation Loss:     0.37 | Val Acc:    87.67
----------------EPOCH 10-------------------
Train Loss:     0.14 | Training Acc:    96.67
Testing Acc:     82.83
Validation Loss:     0.41 | Val Acc:    83.67
----------------EPOCH 11-------------------
Train Loss:     0.12 | Training Acc:    96.83
Testing Acc:     85.33
Validation Loss:     0.37 | Val Acc:    86.00
----------------EPOCH 12-------------------
Train Loss:     0.10 | Training Acc:    97.75
Testing Acc:     86.33
Validation Loss:     0.38 | Val Acc:    86.33
----------------EPOCH 13-------------------
Train Loss:     0.08 | Training Acc:    98.04
Testing Acc:     85.00
Validation Loss:     0.38 | Val Acc:    85.33
----------------EPOCH 14-------------------
Train Loss:     0.07 | Training Acc:    98.62
Testing Acc:     86.00
Validation Loss:     0.41 | Val Acc:    86.00
----------------EPOCH 15-------------------
Train Loss:     0.06 | Training Acc:    98.75
Testing Acc:     85.00
Validation Loss:     0.39 | Val Acc:    85.67
----------------EPOCH 16-------------------
Train Loss:     0.04 | Training Acc:    99.29
Testing Acc:     85.50
Validation Loss:     0.36 | Val Acc:    86.33
----------------EPOCH 17-------------------
Train Loss:     0.05 | Training Acc:    98.88
Testing Acc:     87.33
Validation Loss:     0.38 | Val Acc:    88.33
----------------EPOCH 18-------------------
Train Loss:     0.04 | Training Acc:    99.42
Testing Acc:     86.50
Validation Loss:     0.40 | Val Acc:    87.67
----------------EPOCH 19-------------------
Train Loss:     0.03 | Training Acc:    99.38
Testing Acc:     86.50
Validation Loss:     0.38 | Val Acc:    86.67
----------------EPOCH 20-------------------
Train Loss:     0.02 | Training Acc:    99.62
Testing Acc:     87.17
Validation Loss:     0.37 | Val Acc:    86.67
----------------EPOCH 21-------------------
Train Loss:     0.02 | Training Acc:    99.62
Testing Acc:     86.33
Validation Loss:     0.40 | Val Acc:    86.33
----------------EPOCH 22-------------------
Train Loss:     0.02 | Training Acc:    99.67
Testing Acc:     86.67
Validation Loss:     0.40 | Val Acc:    87.33
----------------EPOCH 23-------------------
Train Loss:     0.02 | Training Acc:    99.54
Testing Acc:     86.50
Validation Loss:     0.39 | Val Acc:    87.00
----------------EPOCH 24-------------------
Train Loss:     0.02 | Training Acc:    99.92
Testing Acc:     85.00
Validation Loss:     0.46 | Val Acc:    85.33
----------------EPOCH 25-------------------
Train Loss:     0.02 | Training Acc:    99.67
Testing Acc:     86.67
Validation Loss:     0.41 | Val Acc:    86.67
----------------EPOCH 26-------------------
Train Loss:     0.02 | Training Acc:    99.50
Testing Acc:     87.50
Validation Loss:     0.42 | Val Acc:    88.33
----------------EPOCH 27-------------------
Train Loss:     0.02 | Training Acc:    99.71
Testing Acc:     85.33
Validation Loss:     0.49 | Val Acc:    85.00
----------------EPOCH 28-------------------
Train Loss:     0.02 | Training Acc:    99.67
Testing Acc:     85.17
Validation Loss:     0.45 | Val Acc:    85.00
----------------EPOCH 29-------------------
Train Loss:     0.02 | Training Acc:    99.75
Testing Acc:     82.83
Validation Loss:     0.51 | Val Acc:    83.00
----------------EPOCH 30-------------------
Train Loss:     0.01 | Training Acc:    99.92
Testing Acc:     86.00
Validation Loss:     0.46 | Val Acc:    85.67
----------------EPOCH 31-------------------
Train Loss:     0.01 | Training Acc:    99.88
Testing Acc:     85.67
Validation Loss:     0.47 | Val Acc:    85.67
----------------EPOCH 32-------------------
Train Loss:     0.01 | Training Acc:    99.88
Testing Acc:     86.00
Validation Loss:     0.49 | Val Acc:    86.67
EARLY STOP SATISFIES, STOP TRAINING!!!
---Traing Process End---
Best Test Accuracy is: 87.333 %
