BEGIN TO LOAD DATA!
Epoch:  1  	Training Loss: 50.658630    	Training Acc:  29.083 %
Accuracy on Testing images: Testing Acc:  33.667 %
Loss and Accuracy on Validation images: Validation Loss: 3.216291    	Validation Acc:  29.667 %
Epoch:  2  	Training Loss: 1.987327    	Training Acc:  31.292 %
Accuracy on Testing images: Testing Acc:  28.000 %
Loss and Accuracy on Validation images: Validation Loss: 1.478429    	Validation Acc:  30.333 %
Epoch:  3  	Training Loss: 1.440099    	Training Acc:  33.458 %
Accuracy on Testing images: Testing Acc:  38.000 %
Loss and Accuracy on Validation images: Validation Loss: 1.324803    	Validation Acc:  37.667 %
Epoch:  4  	Training Loss: 1.351397    	Training Acc:  37.375 %
Accuracy on Testing images: Testing Acc:  38.333 %
Loss and Accuracy on Validation images: Validation Loss: 1.261769    	Validation Acc:  44.333 %
Epoch:  5  	Training Loss: 1.300740    	Training Acc:  41.667 %
Accuracy on Testing images: Testing Acc:  45.000 %
Loss and Accuracy on Validation images: Validation Loss: 1.278426    	Validation Acc:  47.000 %
Epoch:  6  	Training Loss: 1.222649    	Training Acc:  43.958 %
Accuracy on Testing images: Testing Acc:  42.000 %
Loss and Accuracy on Validation images: Validation Loss: 1.186407    	Validation Acc:  45.000 %
Epoch:  7  	Training Loss: 1.161893    	Training Acc:  47.667 %
Accuracy on Testing images: Testing Acc:  50.667 %
Loss and Accuracy on Validation images: Validation Loss: 1.044660    	Validation Acc:  54.333 %
Epoch:  8  	Training Loss: 1.061836    	Training Acc:  50.792 %
Accuracy on Testing images: Testing Acc:  48.333 %
Loss and Accuracy on Validation images: Validation Loss: 1.003710    	Validation Acc:  54.667 %
Epoch:  9  	Training Loss: 1.018230    	Training Acc:  54.750 %
Accuracy on Testing images: Testing Acc:  56.333 %
Loss and Accuracy on Validation images: Validation Loss: 0.909299    	Validation Acc:  61.000 %
Epoch:  10  	Training Loss: 0.953414    	Training Acc:  57.125 %
Accuracy on Testing images: Testing Acc:  55.000 %
Loss and Accuracy on Validation images: Validation Loss: 0.905402    	Validation Acc:  60.000 %
Epoch:  11  	Training Loss: 0.897070    	Training Acc:  60.542 %
Accuracy on Testing images: Testing Acc:  58.000 %
Loss and Accuracy on Validation images: Validation Loss: 0.840480    	Validation Acc:  58.000 %
Epoch:  12  	Training Loss: 0.828043    	Training Acc:  62.333 %
Accuracy on Testing images: Testing Acc:  56.333 %
Loss and Accuracy on Validation images: Validation Loss: 0.889975    	Validation Acc:  60.000 %
Epoch:  13  	Training Loss: 0.782494    	Training Acc:  66.917 %
Accuracy on Testing images: Testing Acc:  52.333 %
Loss and Accuracy on Validation images: Validation Loss: 0.935419    	Validation Acc:  54.667 %
Epoch:  14  	Training Loss: 0.764208    	Training Acc:  66.708 %
Accuracy on Testing images: Testing Acc:  60.333 %
Loss and Accuracy on Validation images: Validation Loss: 0.797283    	Validation Acc:  64.667 %
Epoch:  15  	Training Loss: 0.708795    	Training Acc:  69.000 %
Accuracy on Testing images: Testing Acc:  63.333 %
Loss and Accuracy on Validation images: Validation Loss: 0.705687    	Validation Acc:  68.333 %
Epoch:  16  	Training Loss: 0.667530    	Training Acc:  70.417 %
Accuracy on Testing images: Testing Acc:  65.333 %
Loss and Accuracy on Validation images: Validation Loss: 0.806282    	Validation Acc:  70.000 %
Epoch:  17  	Training Loss: 0.703398    	Training Acc:  70.750 %
Accuracy on Testing images: Testing Acc:  57.667 %
Loss and Accuracy on Validation images: Validation Loss: 0.849448    	Validation Acc:  67.000 %
Epoch:  18  	Training Loss: 0.617123    	Training Acc:  74.083 %
Accuracy on Testing images: Testing Acc:  64.000 %
Loss and Accuracy on Validation images: Validation Loss: 0.674332    	Validation Acc:  71.000 %
Epoch:  19  	Training Loss: 0.573630    	Training Acc:  75.292 %
Accuracy on Testing images: Testing Acc:  61.667 %
Loss and Accuracy on Validation images: Validation Loss: 0.755222    	Validation Acc:  71.667 %
Epoch:  20  	Training Loss: 0.551723    	Training Acc:  77.125 %
Accuracy on Testing images: Testing Acc:  65.000 %
Loss and Accuracy on Validation images: Validation Loss: 0.699267    	Validation Acc:  73.000 %
Epoch:  21  	Training Loss: 0.620914    	Training Acc:  76.208 %
Accuracy on Testing images: Testing Acc:  64.000 %
Loss and Accuracy on Validation images: Validation Loss: 0.860482    	Validation Acc:  62.667 %
Epoch:  22  	Training Loss: 0.669301    	Training Acc:  72.667 %
Accuracy on Testing images: Testing Acc:  65.333 %
Loss and Accuracy on Validation images: Validation Loss: 0.721454    	Validation Acc:  72.000 %
Epoch:  23  	Training Loss: 0.548475    	Training Acc:  78.542 %
Accuracy on Testing images: Testing Acc:  55.333 %
Loss and Accuracy on Validation images: Validation Loss: 0.878150    	Validation Acc:  62.333 %
Epoch:  24  	Training Loss: 0.514334    	Training Acc:  78.667 %
Accuracy on Testing images: Testing Acc:  72.333 %
Loss and Accuracy on Validation images: Validation Loss: 0.674275    	Validation Acc:  77.333 %
Epoch:  25  	Training Loss: 0.473103    	Training Acc:  81.875 %
Accuracy on Testing images: Testing Acc:  68.000 %
Loss and Accuracy on Validation images: Validation Loss: 0.715348    	Validation Acc:  73.667 %
Epoch:  26  	Training Loss: 0.437172    	Training Acc:  81.542 %
Accuracy on Testing images: Testing Acc:  68.667 %
Loss and Accuracy on Validation images: Validation Loss: 0.748739    	Validation Acc:  70.667 %
Epoch:  27  	Training Loss: 0.533639    	Training Acc:  78.167 %
Accuracy on Testing images: Testing Acc:  59.333 %
Loss and Accuracy on Validation images: Validation Loss: 0.949186    	Validation Acc:  62.000 %
Epoch:  28  	Training Loss: 0.530133    	Training Acc:  78.625 %
Accuracy on Testing images: Testing Acc:  66.667 %
Loss and Accuracy on Validation images: Validation Loss: 0.819460    	Validation Acc:  70.667 %
Epoch:  29  	Training Loss: 0.438676    	Training Acc:  82.500 %
Accuracy on Testing images: Testing Acc:  72.333 %
Loss and Accuracy on Validation images: Validation Loss: 0.720618    	Validation Acc:  76.667 %
Epoch:  30  	Training Loss: 0.411919    	Training Acc:  83.417 %
Accuracy on Testing images: Testing Acc:  70.000 %
Loss and Accuracy on Validation images: Validation Loss: 0.625061    	Validation Acc:  74.333 %
Epoch:  31  	Training Loss: 0.388733    	Training Acc:  83.875 %
Accuracy on Testing images: Testing Acc:  69.333 %
Loss and Accuracy on Validation images: Validation Loss: 0.896464    	Validation Acc:  71.000 %
Epoch:  32  	Training Loss: 0.387756    	Training Acc:  86.000 %
Accuracy on Testing images: Testing Acc:  72.333 %
Loss and Accuracy on Validation images: Validation Loss: 0.987593    	Validation Acc:  72.000 %
Epoch:  33  	Training Loss: 0.421432    	Training Acc:  84.833 %
Accuracy on Testing images: Testing Acc:  72.333 %
Loss and Accuracy on Validation images: Validation Loss: 0.846846    	Validation Acc:  70.333 %
Epoch:  34  	Training Loss: 0.363558    	Training Acc:  86.000 %
Accuracy on Testing images: Testing Acc:  70.333 %
Loss and Accuracy on Validation images: Validation Loss: 0.790749    	Validation Acc:  74.667 %
Epoch:  35  	Training Loss: 0.362754    	Training Acc:  86.542 %
Accuracy on Testing images: Testing Acc:  69.333 %
Loss and Accuracy on Validation images: Validation Loss: 0.869398    	Validation Acc:  74.000 %
Epoch:  36  	Training Loss: 0.436479    	Training Acc:  84.417 %
Accuracy on Testing images: Testing Acc:  69.667 %
Loss and Accuracy on Validation images: Validation Loss: 0.785504    	Validation Acc:  74.667 %
Epoch:  37  	Training Loss: 0.427389    	Training Acc:  83.750 %
Accuracy on Testing images: Testing Acc:  72.000 %
Loss and Accuracy on Validation images: Validation Loss: 0.743500    	Validation Acc:  76.667 %
Epoch:  38  	Training Loss: 0.375283    	Training Acc:  86.208 %
Accuracy on Testing images: Testing Acc:  71.333 %
Loss and Accuracy on Validation images: Validation Loss: 0.813091    	Validation Acc:  74.667 %
Epoch:  39  	Training Loss: 0.416683    	Training Acc:  84.583 %
Accuracy on Testing images: Testing Acc:  59.000 %
Loss and Accuracy on Validation images: Validation Loss: 1.311146    	Validation Acc:  62.333 %
Epoch:  40  	Training Loss: 0.451570    	Training Acc:  82.583 %
Accuracy on Testing images: Testing Acc:  70.333 %
Loss and Accuracy on Validation images: Validation Loss: 0.809299    	Validation Acc:  69.667 %
EARLY STOP SATISFIES, STOP TRAINING
---Traing Process End---
Best Test Accuracy is: 70.000 %
