BEGIN TO LOAD DATA!
/home/uceehx2/AMLS-Image-Classification/model_cnn.py:23: UserWarning: Implicit dimension choice for log_softmax has been deprecated. Change the call to include dim=X as an argument.
  return F.log_softmax(x)
----------------EPOCH 1-------------------
Train Loss:     8.21 | Training Acc:    33.79
Testing Acc:     35.67
Validation Loss:     1.31 | Val Acc:    33.00
----------------EPOCH 2-------------------
Train Loss:     1.20 | Training Acc:    46.46
Testing Acc:     58.00
Validation Loss:     1.05 | Val Acc:    60.00
----------------EPOCH 3-------------------
Train Loss:     0.99 | Training Acc:    60.67
Testing Acc:     69.00
Validation Loss:     0.76 | Val Acc:    69.67
----------------EPOCH 4-------------------
Train Loss:     0.81 | Training Acc:    68.17
Testing Acc:     72.17
Validation Loss:     0.71 | Val Acc:    72.67
----------------EPOCH 5-------------------
Train Loss:     0.66 | Training Acc:    73.79
Testing Acc:     79.00
Validation Loss:     0.58 | Val Acc:    81.33
----------------EPOCH 6-------------------
Train Loss:     0.53 | Training Acc:    79.25
Testing Acc:     73.67
Validation Loss:     0.64 | Val Acc:    73.67
----------------EPOCH 7-------------------
Train Loss:     0.45 | Training Acc:    84.00
Testing Acc:     78.17
Validation Loss:     0.51 | Val Acc:    79.00
----------------EPOCH 8-------------------
Train Loss:     0.34 | Training Acc:    87.58
Testing Acc:     78.83
Validation Loss:     0.59 | Val Acc:    80.33
----------------EPOCH 9-------------------
Train Loss:     0.30 | Training Acc:    90.17
Testing Acc:     80.17
Validation Loss:     0.56 | Val Acc:    79.33
----------------EPOCH 10-------------------
Train Loss:     0.24 | Training Acc:    91.42
Testing Acc:     82.17
Validation Loss:     0.48 | Val Acc:    82.67
----------------EPOCH 11-------------------
Train Loss:     0.19 | Training Acc:    93.79
Testing Acc:     81.83
Validation Loss:     0.49 | Val Acc:    84.67
----------------EPOCH 12-------------------
Train Loss:     0.14 | Training Acc:    95.29
Testing Acc:     83.17
Validation Loss:     0.48 | Val Acc:    85.33
----------------EPOCH 13-------------------
Train Loss:     0.14 | Training Acc:    95.50
Testing Acc:     83.67
Validation Loss:     0.47 | Val Acc:    85.00
----------------EPOCH 14-------------------
Train Loss:     0.12 | Training Acc:    96.50
Testing Acc:     84.33
Validation Loss:     0.51 | Val Acc:    85.67
----------------EPOCH 15-------------------
Train Loss:     0.12 | Training Acc:    96.50
Testing Acc:     82.33
Validation Loss:     0.56 | Val Acc:    85.00
----------------EPOCH 16-------------------
Train Loss:     0.11 | Training Acc:    96.92
Testing Acc:     83.00
Validation Loss:     0.56 | Val Acc:    84.33
----------------EPOCH 17-------------------
Train Loss:     0.08 | Training Acc:    97.88
Testing Acc:     84.00
Validation Loss:     0.55 | Val Acc:    84.67
----------------EPOCH 18-------------------
Train Loss:     0.08 | Training Acc:    97.04
Testing Acc:     82.67
Validation Loss:     0.59 | Val Acc:    83.33
----------------EPOCH 19-------------------
Train Loss:     0.08 | Training Acc:    97.42
Testing Acc:     82.33
Validation Loss:     0.62 | Val Acc:    83.00
----------------EPOCH 20-------------------
Train Loss:     0.07 | Training Acc:    97.92
Testing Acc:     83.00
Validation Loss:     0.66 | Val Acc:    82.67
----------------EPOCH 21-------------------
Train Loss:     0.07 | Training Acc:    97.83
Testing Acc:     82.00
Validation Loss:     0.68 | Val Acc:    83.00
----------------EPOCH 22-------------------
Train Loss:     0.06 | Training Acc:    98.25
Testing Acc:     82.83
Validation Loss:     0.63 | Val Acc:    84.33
----------------EPOCH 23-------------------
Train Loss:     0.08 | Training Acc:    97.79
Testing Acc:     84.00
Validation Loss:     0.52 | Val Acc:    85.33
----------------EPOCH 24-------------------
Train Loss:     0.05 | Training Acc:    98.33
Testing Acc:     82.33
Validation Loss:     0.65 | Val Acc:    83.33
----------------EPOCH 25-------------------
Train Loss:     0.03 | Training Acc:    99.04
Testing Acc:     83.33
Validation Loss:     0.59 | Val Acc:    85.00
----------------EPOCH 26-------------------
Train Loss:     0.05 | Training Acc:    98.67
Testing Acc:     83.50
Validation Loss:     0.59 | Val Acc:    83.00
----------------EPOCH 27-------------------
Train Loss:     0.07 | Training Acc:    98.00
Testing Acc:     82.83
Validation Loss:     0.69 | Val Acc:    84.00
----------------EPOCH 28-------------------
Train Loss:     0.05 | Training Acc:    98.38
Testing Acc:     82.50
Validation Loss:     0.59 | Val Acc:    83.00
----------------EPOCH 29-------------------
Train Loss:     0.04 | Training Acc:    98.92
Testing Acc:     83.17
Validation Loss:     0.72 | Val Acc:    84.00
EARLY STOP SATISFIES, STOP TRAINING!!!
---Traing Process End---
Best Test Accuracy is: 84.333 %
