BEGIN TO LOAD DATA!
----------------EPOCH 1-------------------
Train Loss:     1.59 | Training Acc:    56.75
Testing Acc:     81.00
Validation Loss:     0.54 | Val Acc:    79.33
----------------EPOCH 2-------------------
Train Loss:     0.48 | Training Acc:    81.46
Testing Acc:     82.50
Validation Loss:     0.44 | Val Acc:    83.33
----------------EPOCH 3-------------------
Train Loss:     0.30 | Training Acc:    89.33
Testing Acc:     91.00
Validation Loss:     0.31 | Val Acc:    91.00
----------------EPOCH 4-------------------
Train Loss:     0.16 | Training Acc:    93.79
Testing Acc:     92.50
Validation Loss:     0.24 | Val Acc:    93.00
----------------EPOCH 5-------------------
Train Loss:     0.06 | Training Acc:    97.79
Testing Acc:     95.67
Validation Loss:     0.24 | Val Acc:    95.67
----------------EPOCH 6-------------------
Train Loss:     0.04 | Training Acc:    98.54
Testing Acc:     94.17
Validation Loss:     0.37 | Val Acc:    94.00
----------------EPOCH 7-------------------
Train Loss:     0.02 | Training Acc:    99.29
Testing Acc:     95.50
Validation Loss:     0.26 | Val Acc:    95.67
----------------EPOCH 8-------------------
Train Loss:     0.02 | Training Acc:    99.17
Testing Acc:     94.17
Validation Loss:     0.20 | Val Acc:    95.33
----------------EPOCH 9-------------------
Train Loss:     0.04 | Training Acc:    98.79
Testing Acc:     91.17
Validation Loss:     0.41 | Val Acc:    91.33
----------------EPOCH 10-------------------
Train Loss:     0.13 | Training Acc:    96.12
Testing Acc:     92.00
Validation Loss:     0.32 | Val Acc:    92.67
EARLY STOP SATISFIES, STOP TRAINING
---Traing Process End---
Best Test Accuracy is: 95.667 %
