BEGIN TO LOAD DATA!
Epoch:  1  	Training Loss: 93.071054    	Training Acc:  30.542 %
Accuracy on Testing images: Testing Acc:  29.667 %
Loss and Accuracy on Validation images: Validation Loss: 22.218140    	Validation Acc:  29.000 %
Epoch:  2  	Training Loss: 10.093461    	Training Acc:  28.167 %
Accuracy on Testing images: Testing Acc:  28.667 %
Loss and Accuracy on Validation images: Validation Loss: 3.210691    	Validation Acc:  22.667 %
Epoch:  3  	Training Loss: 2.445479    	Training Acc:  24.417 %
Accuracy on Testing images: Testing Acc:  30.333 %
Loss and Accuracy on Validation images: Validation Loss: 1.928212    	Validation Acc:  28.000 %
Epoch:  4  	Training Loss: 1.734114    	Training Acc:  28.167 %
Accuracy on Testing images: Testing Acc:  29.333 %
Loss and Accuracy on Validation images: Validation Loss: 1.663621    	Validation Acc:  29.333 %
Epoch:  5  	Training Loss: 1.674489    	Training Acc:  28.625 %
Accuracy on Testing images: Testing Acc:  31.667 %
Loss and Accuracy on Validation images: Validation Loss: 1.551435    	Validation Acc:  30.667 %
Epoch:  6  	Training Loss: 1.564080    	Training Acc:  29.500 %
Accuracy on Testing images: Testing Acc:  28.667 %
Loss and Accuracy on Validation images: Validation Loss: 1.498563    	Validation Acc:  30.333 %
Epoch:  7  	Training Loss: 1.473361    	Training Acc:  29.417 %
Accuracy on Testing images: Testing Acc:  28.000 %
Loss and Accuracy on Validation images: Validation Loss: 1.557093    	Validation Acc:  31.000 %
Epoch:  8  	Training Loss: 1.475319    	Training Acc:  29.958 %
Accuracy on Testing images: Testing Acc:  28.667 %
Loss and Accuracy on Validation images: Validation Loss: 1.520822    	Validation Acc:  30.000 %
Epoch:  9  	Training Loss: 1.444224    	Training Acc:  30.083 %
Accuracy on Testing images: Testing Acc:  27.000 %
Loss and Accuracy on Validation images: Validation Loss: 1.431553    	Validation Acc:  30.667 %
Epoch:  10  	Training Loss: 1.416350    	Training Acc:  29.458 %
Accuracy on Testing images: Testing Acc:  26.667 %
Loss and Accuracy on Validation images: Validation Loss: 1.386970    	Validation Acc:  32.667 %
Epoch:  11  	Training Loss: 1.417015    	Training Acc:  29.042 %
Accuracy on Testing images: Testing Acc:  29.333 %
Loss and Accuracy on Validation images: Validation Loss: 1.359673    	Validation Acc:  31.000 %
Epoch:  12  	Training Loss: 1.466898    	Training Acc:  29.667 %
Accuracy on Testing images: Testing Acc:  29.667 %
Loss and Accuracy on Validation images: Validation Loss: 1.402700    	Validation Acc:  32.667 %
Epoch:  13  	Training Loss: 1.438577    	Training Acc:  31.583 %
Accuracy on Testing images: Testing Acc:  31.667 %
Loss and Accuracy on Validation images: Validation Loss: 1.358453    	Validation Acc:  34.000 %
Epoch:  14  	Training Loss: 1.402580    	Training Acc:  31.542 %
Accuracy on Testing images: Testing Acc:  30.000 %
Loss and Accuracy on Validation images: Validation Loss: 1.391564    	Validation Acc:  35.333 %
Epoch:  15  	Training Loss: 1.363323    	Training Acc:  33.083 %
Accuracy on Testing images: Testing Acc:  33.000 %
Loss and Accuracy on Validation images: Validation Loss: 1.394406    	Validation Acc:  32.333 %
Epoch:  16  	Training Loss: 1.356718    	Training Acc:  32.833 %
Accuracy on Testing images: Testing Acc:  33.333 %
Loss and Accuracy on Validation images: Validation Loss: 1.333513    	Validation Acc:  34.333 %
Epoch:  17  	Training Loss: 1.361215    	Training Acc:  31.375 %
Accuracy on Testing images: Testing Acc:  31.000 %
Loss and Accuracy on Validation images: Validation Loss: 1.340874    	Validation Acc:  37.333 %
Epoch:  18  	Training Loss: 1.330662    	Training Acc:  32.958 %
Accuracy on Testing images: Testing Acc:  33.667 %
Loss and Accuracy on Validation images: Validation Loss: 1.343391    	Validation Acc:  36.667 %
Epoch:  19  	Training Loss: 1.361419    	Training Acc:  32.250 %
Accuracy on Testing images: Testing Acc:  37.333 %
Loss and Accuracy on Validation images: Validation Loss: 1.373049    	Validation Acc:  34.000 %
Epoch:  20  	Training Loss: 1.348531    	Training Acc:  34.292 %
Accuracy on Testing images: Testing Acc:  35.667 %
Loss and Accuracy on Validation images: Validation Loss: 1.625112    	Validation Acc:  32.333 %
Epoch:  21  	Training Loss: 1.351330    	Training Acc:  34.667 %
Accuracy on Testing images: Testing Acc:  36.000 %
Loss and Accuracy on Validation images: Validation Loss: 1.319695    	Validation Acc:  33.000 %
Epoch:  22  	Training Loss: 1.323289    	Training Acc:  35.208 %
Accuracy on Testing images: Testing Acc:  31.333 %
Loss and Accuracy on Validation images: Validation Loss: 1.343608    	Validation Acc:  29.000 %
Epoch:  23  	Training Loss: 1.334153    	Training Acc:  36.292 %
Accuracy on Testing images: Testing Acc:  38.000 %
Loss and Accuracy on Validation images: Validation Loss: 1.306559    	Validation Acc:  35.000 %
Epoch:  24  	Training Loss: 1.320235    	Training Acc:  36.625 %
Accuracy on Testing images: Testing Acc:  39.333 %
Loss and Accuracy on Validation images: Validation Loss: 1.284760    	Validation Acc:  37.333 %
Epoch:  25  	Training Loss: 1.301200    	Training Acc:  37.208 %
Accuracy on Testing images: Testing Acc:  35.333 %
Loss and Accuracy on Validation images: Validation Loss: 1.318529    	Validation Acc:  37.667 %
Epoch:  26  	Training Loss: 1.319693    	Training Acc:  36.167 %
Accuracy on Testing images: Testing Acc:  37.000 %
Loss and Accuracy on Validation images: Validation Loss: 1.334949    	Validation Acc:  32.667 %
Epoch:  27  	Training Loss: 1.308311    	Training Acc:  37.083 %
Accuracy on Testing images: Testing Acc:  43.000 %
Loss and Accuracy on Validation images: Validation Loss: 1.298959    	Validation Acc:  37.000 %
Epoch:  28  	Training Loss: 1.300937    	Training Acc:  36.625 %
Accuracy on Testing images: Testing Acc:  42.333 %
Loss and Accuracy on Validation images: Validation Loss: 1.285740    	Validation Acc:  35.333 %
Epoch:  29  	Training Loss: 1.300380    	Training Acc:  36.417 %
Accuracy on Testing images: Testing Acc:  42.000 %
Loss and Accuracy on Validation images: Validation Loss: 1.267252    	Validation Acc:  34.667 %
Epoch:  30  	Training Loss: 1.267765    	Training Acc:  38.708 %
Accuracy on Testing images: Testing Acc:  40.000 %
Loss and Accuracy on Validation images: Validation Loss: 1.205259    	Validation Acc:  39.667 %
Epoch:  31  	Training Loss: 1.264911    	Training Acc:  38.917 %
Accuracy on Testing images: Testing Acc:  41.000 %
Loss and Accuracy on Validation images: Validation Loss: 1.248838    	Validation Acc:  35.000 %
Epoch:  32  	Training Loss: 1.254756    	Training Acc:  39.167 %
Accuracy on Testing images: Testing Acc:  44.333 %
Loss and Accuracy on Validation images: Validation Loss: 1.249776    	Validation Acc:  41.667 %
Epoch:  33  	Training Loss: 1.239070    	Training Acc:  40.792 %
Accuracy on Testing images: Testing Acc:  43.333 %
Loss and Accuracy on Validation images: Validation Loss: 1.187970    	Validation Acc:  41.333 %
Epoch:  34  	Training Loss: 1.220356    	Training Acc:  42.833 %
Accuracy on Testing images: Testing Acc:  44.667 %
Loss and Accuracy on Validation images: Validation Loss: 1.214990    	Validation Acc:  41.000 %
Epoch:  35  	Training Loss: 1.213198    	Training Acc:  42.042 %
Accuracy on Testing images: Testing Acc:  46.000 %
Loss and Accuracy on Validation images: Validation Loss: 1.228927    	Validation Acc:  42.000 %
Epoch:  36  	Training Loss: 1.259920    	Training Acc:  42.625 %
Accuracy on Testing images: Testing Acc:  41.667 %
Loss and Accuracy on Validation images: Validation Loss: 1.241003    	Validation Acc:  36.000 %
Epoch:  37  	Training Loss: 1.248038    	Training Acc:  41.500 %
Accuracy on Testing images: Testing Acc:  45.667 %
Loss and Accuracy on Validation images: Validation Loss: 1.263172    	Validation Acc:  41.333 %
Epoch:  38  	Training Loss: 1.256968    	Training Acc:  40.208 %
Accuracy on Testing images: Testing Acc:  45.000 %
Loss and Accuracy on Validation images: Validation Loss: 1.198295    	Validation Acc:  41.333 %
Epoch:  39  	Training Loss: 1.184183    	Training Acc:  45.167 %
Accuracy on Testing images: Testing Acc:  44.667 %
Loss and Accuracy on Validation images: Validation Loss: 1.252677    	Validation Acc:  44.667 %
Epoch:  40  	Training Loss: 1.179748    	Training Acc:  44.708 %
Accuracy on Testing images: Testing Acc:  45.333 %
Loss and Accuracy on Validation images: Validation Loss: 1.164346    	Validation Acc:  45.333 %
Epoch:  41  	Training Loss: 1.180406    	Training Acc:  45.750 %
Accuracy on Testing images: Testing Acc:  47.333 %
Loss and Accuracy on Validation images: Validation Loss: 1.242971    	Validation Acc:  41.333 %
Epoch:  42  	Training Loss: 1.233105    	Training Acc:  43.208 %
Accuracy on Testing images: Testing Acc:  42.000 %
Loss and Accuracy on Validation images: Validation Loss: 1.205522    	Validation Acc:  42.333 %
Epoch:  43  	Training Loss: 1.208723    	Training Acc:  43.250 %
Accuracy on Testing images: Testing Acc:  49.000 %
Loss and Accuracy on Validation images: Validation Loss: 1.200535    	Validation Acc:  41.667 %
Epoch:  44  	Training Loss: 1.186621    	Training Acc:  45.625 %
Accuracy on Testing images: Testing Acc:  46.000 %
Loss and Accuracy on Validation images: Validation Loss: 1.245611    	Validation Acc:  42.667 %
Epoch:  45  	Training Loss: 1.213046    	Training Acc:  43.042 %
Accuracy on Testing images: Testing Acc:  45.667 %
Loss and Accuracy on Validation images: Validation Loss: 1.271381    	Validation Acc:  40.667 %
Epoch:  46  	Training Loss: 1.195444    	Training Acc:  44.125 %
Accuracy on Testing images: Testing Acc:  50.667 %
Loss and Accuracy on Validation images: Validation Loss: 1.152091    	Validation Acc:  46.000 %
Epoch:  47  	Training Loss: 1.153931    	Training Acc:  45.875 %
Accuracy on Testing images: Testing Acc:  45.000 %
Loss and Accuracy on Validation images: Validation Loss: 1.192398    	Validation Acc:  43.667 %
Epoch:  48  	Training Loss: 1.134982    	Training Acc:  46.083 %
Accuracy on Testing images: Testing Acc:  47.667 %
Loss and Accuracy on Validation images: Validation Loss: 1.160754    	Validation Acc:  43.333 %
Epoch:  49  	Training Loss: 1.156842    	Training Acc:  45.875 %
Accuracy on Testing images: Testing Acc:  44.333 %
Loss and Accuracy on Validation images: Validation Loss: 1.201983    	Validation Acc:  43.667 %
Epoch:  50  	Training Loss: 1.233796    	Training Acc:  43.583 %
Accuracy on Testing images: Testing Acc:  42.333 %
Loss and Accuracy on Validation images: Validation Loss: 1.206674    	Validation Acc:  44.667 %
Epoch:  51  	Training Loss: 1.175086    	Training Acc:  45.208 %
Accuracy on Testing images: Testing Acc:  48.000 %
Loss and Accuracy on Validation images: Validation Loss: 1.174042    	Validation Acc:  42.000 %
Epoch:  52  	Training Loss: 1.186145    	Training Acc:  45.583 %
Accuracy on Testing images: Testing Acc:  50.667 %
Loss and Accuracy on Validation images: Validation Loss: 1.179590    	Validation Acc:  45.000 %
Epoch:  53  	Training Loss: 1.160758    	Training Acc:  47.250 %
Accuracy on Testing images: Testing Acc:  51.667 %
Loss and Accuracy on Validation images: Validation Loss: 1.161212    	Validation Acc:  44.667 %
Epoch:  54  	Training Loss: 1.092911    	Training Acc:  48.250 %
Accuracy on Testing images: Testing Acc:  49.333 %
Loss and Accuracy on Validation images: Validation Loss: 1.137810    	Validation Acc:  48.000 %
Epoch:  55  	Training Loss: 1.143102    	Training Acc:  48.000 %
Accuracy on Testing images: Testing Acc:  45.000 %
Loss and Accuracy on Validation images: Validation Loss: 1.157277    	Validation Acc:  45.333 %
Epoch:  56  	Training Loss: 1.164120    	Training Acc:  47.042 %
Accuracy on Testing images: Testing Acc:  49.333 %
Loss and Accuracy on Validation images: Validation Loss: 1.139304    	Validation Acc:  47.667 %
Epoch:  57  	Training Loss: 1.134435    	Training Acc:  49.042 %
Accuracy on Testing images: Testing Acc:  45.333 %
Loss and Accuracy on Validation images: Validation Loss: 1.204419    	Validation Acc:  41.000 %
Epoch:  58  	Training Loss: 1.104085    	Training Acc:  49.458 %
Accuracy on Testing images: Testing Acc:  54.000 %
Loss and Accuracy on Validation images: Validation Loss: 1.048173    	Validation Acc:  49.333 %
Epoch:  59  	Training Loss: 1.114721    	Training Acc:  47.917 %
Accuracy on Testing images: Testing Acc:  47.000 %
Loss and Accuracy on Validation images: Validation Loss: 1.197663    	Validation Acc:  43.333 %
Epoch:  60  	Training Loss: 1.094966    	Training Acc:  49.583 %
Accuracy on Testing images: Testing Acc:  51.667 %
Loss and Accuracy on Validation images: Validation Loss: 1.101998    	Validation Acc:  47.333 %
Epoch:  61  	Training Loss: 1.101764    	Training Acc:  48.750 %
Accuracy on Testing images: Testing Acc:  52.667 %
Loss and Accuracy on Validation images: Validation Loss: 1.111129    	Validation Acc:  50.667 %
Epoch:  62  	Training Loss: 1.079622    	Training Acc:  48.458 %
Accuracy on Testing images: Testing Acc:  49.000 %
Loss and Accuracy on Validation images: Validation Loss: 1.096385    	Validation Acc:  47.000 %
Epoch:  63  	Training Loss: 1.070559    	Training Acc:  50.167 %
Accuracy on Testing images: Testing Acc:  53.667 %
Loss and Accuracy on Validation images: Validation Loss: 1.086928    	Validation Acc:  48.000 %
Epoch:  64  	Training Loss: 1.041047    	Training Acc:  50.708 %
Accuracy on Testing images: Testing Acc:  49.667 %
Loss and Accuracy on Validation images: Validation Loss: 1.129876    	Validation Acc:  49.667 %
Epoch:  65  	Training Loss: 1.094651    	Training Acc:  49.500 %
Accuracy on Testing images: Testing Acc:  48.667 %
Loss and Accuracy on Validation images: Validation Loss: 1.137518    	Validation Acc:  45.667 %
Epoch:  66  	Training Loss: 1.233000    	Training Acc:  45.125 %
Accuracy on Testing images: Testing Acc:  41.333 %
Loss and Accuracy on Validation images: Validation Loss: 1.185610    	Validation Acc:  44.333 %
Epoch:  67  	Training Loss: 1.142968    	Training Acc:  46.750 %
Accuracy on Testing images: Testing Acc:  48.000 %
Loss and Accuracy on Validation images: Validation Loss: 1.086724    	Validation Acc:  50.667 %
Epoch:  68  	Training Loss: 1.085583    	Training Acc:  48.542 %
Accuracy on Testing images: Testing Acc:  48.667 %
Loss and Accuracy on Validation images: Validation Loss: 1.198468    	Validation Acc:  43.000 %
EARLY STOP SATISFIES, STOP TRAINING
---Traing Process End---
Best Test Accuracy is: 54.000 %
