BEGIN TO LOAD DATA!
/home/uceehx2/AMLS-Image-Classification/model_cnn.py:23: UserWarning: Implicit dimension choice for log_softmax has been deprecated. Change the call to include dim=X as an argument.
  return F.log_softmax(x)
----------------EPOCH 1-------------------
Train Loss:     1.46 | Training Acc:    38.88
Testing Acc:     48.67
Validation Loss:     1.14 | Val Acc:    48.00
----------------EPOCH 2-------------------
Train Loss:     1.05 | Training Acc:    54.33
Testing Acc:     60.33
Validation Loss:     0.94 | Val Acc:    59.33
----------------EPOCH 3-------------------
Train Loss:     0.89 | Training Acc:    64.46
Testing Acc:     69.83
Validation Loss:     0.80 | Val Acc:    70.67
----------------EPOCH 4-------------------
Train Loss:     0.74 | Training Acc:    70.62
Testing Acc:     71.17
Validation Loss:     0.72 | Val Acc:    70.67
----------------EPOCH 5-------------------
Train Loss:     0.64 | Training Acc:    74.21
Testing Acc:     77.50
Validation Loss:     0.61 | Val Acc:    77.33
----------------EPOCH 6-------------------
Train Loss:     0.56 | Training Acc:    78.25
Testing Acc:     79.50
Validation Loss:     0.57 | Val Acc:    79.67
----------------EPOCH 7-------------------
Train Loss:     0.47 | Training Acc:    83.25
Testing Acc:     79.50
Validation Loss:     0.54 | Val Acc:    81.33
----------------EPOCH 8-------------------
Train Loss:     0.40 | Training Acc:    86.00
Testing Acc:     80.50
Validation Loss:     0.48 | Val Acc:    82.33
----------------EPOCH 9-------------------
Train Loss:     0.34 | Training Acc:    88.92
Testing Acc:     80.17
Validation Loss:     0.48 | Val Acc:    84.67
----------------EPOCH 10-------------------
Train Loss:     0.30 | Training Acc:    90.12
Testing Acc:     81.50
Validation Loss:     0.47 | Val Acc:    84.00
----------------EPOCH 11-------------------
Train Loss:     0.26 | Training Acc:    92.25
Testing Acc:     85.00
Validation Loss:     0.42 | Val Acc:    85.67
----------------EPOCH 12-------------------
Train Loss:     0.23 | Training Acc:    93.17
Testing Acc:     85.17
Validation Loss:     0.42 | Val Acc:    87.00
----------------EPOCH 13-------------------
Train Loss:     0.19 | Training Acc:    95.12
Testing Acc:     84.50
Validation Loss:     0.40 | Val Acc:    85.33
----------------EPOCH 14-------------------
Train Loss:     0.17 | Training Acc:    96.08
Testing Acc:     84.83
Validation Loss:     0.39 | Val Acc:    86.33
----------------EPOCH 15-------------------
Train Loss:     0.14 | Training Acc:    96.58
Testing Acc:     86.50
Validation Loss:     0.37 | Val Acc:    86.67
----------------EPOCH 16-------------------
Train Loss:     0.13 | Training Acc:    96.92
Testing Acc:     86.33
Validation Loss:     0.38 | Val Acc:    88.33
----------------EPOCH 17-------------------
Train Loss:     0.12 | Training Acc:    97.58
Testing Acc:     87.17
Validation Loss:     0.35 | Val Acc:    88.00
----------------EPOCH 18-------------------
Train Loss:     0.10 | Training Acc:    98.33
Testing Acc:     87.83
Validation Loss:     0.36 | Val Acc:    89.00
----------------EPOCH 19-------------------
Train Loss:     0.09 | Training Acc:    98.42
Testing Acc:     86.50
Validation Loss:     0.37 | Val Acc:    87.33
----------------EPOCH 20-------------------
Train Loss:     0.07 | Training Acc:    98.79
Testing Acc:     86.83
Validation Loss:     0.39 | Val Acc:    88.00
----------------EPOCH 21-------------------
Train Loss:     0.07 | Training Acc:    98.79
Testing Acc:     87.00
Validation Loss:     0.35 | Val Acc:    87.00
----------------EPOCH 22-------------------
Train Loss:     0.06 | Training Acc:    98.67
Testing Acc:     87.33
Validation Loss:     0.38 | Val Acc:    88.33
----------------EPOCH 23-------------------
Train Loss:     0.07 | Training Acc:    98.42
Testing Acc:     88.33
Validation Loss:     0.37 | Val Acc:    89.00
----------------EPOCH 24-------------------
Train Loss:     0.05 | Training Acc:    99.21
Testing Acc:     87.50
Validation Loss:     0.39 | Val Acc:    87.67
----------------EPOCH 25-------------------
Train Loss:     0.04 | Training Acc:    99.38
Testing Acc:     87.00
Validation Loss:     0.41 | Val Acc:    87.33
----------------EPOCH 26-------------------
Train Loss:     0.04 | Training Acc:    99.54
Testing Acc:     86.83
Validation Loss:     0.41 | Val Acc:    86.67
----------------EPOCH 27-------------------
Train Loss:     0.04 | Training Acc:    99.58
Testing Acc:     87.67
Validation Loss:     0.39 | Val Acc:    88.00
----------------EPOCH 28-------------------
Train Loss:     0.04 | Training Acc:    99.50
Testing Acc:     88.00
Validation Loss:     0.38 | Val Acc:    88.00
----------------EPOCH 29-------------------
Train Loss:     0.03 | Training Acc:    99.54
Testing Acc:     88.50
Validation Loss:     0.37 | Val Acc:    88.67
----------------EPOCH 30-------------------
Train Loss:     0.03 | Training Acc:    99.79
Testing Acc:     85.67
Validation Loss:     0.44 | Val Acc:    86.33
----------------EPOCH 31-------------------
Train Loss:     0.03 | Training Acc:    99.62
Testing Acc:     87.00
Validation Loss:     0.44 | Val Acc:    87.67
----------------EPOCH 32-------------------
Train Loss:     0.03 | Training Acc:    99.75
Testing Acc:     87.67
Validation Loss:     0.43 | Val Acc:    87.67
----------------EPOCH 33-------------------
Train Loss:     0.03 | Training Acc:    99.42
Testing Acc:     88.00
Validation Loss:     0.41 | Val Acc:    88.67
EARLY STOP SATISFIES, STOP TRAINING!!!
---Traing Process End---
Best Test Accuracy is: 87.833 %
