BEGIN TO LOAD DATA!
Epoch:  1  	Training Loss: 13.299231    	Training Acc:  43.125 %
Accuracy on Testing images: Testing Acc:  47.333 %
Loss and Accuracy on Validation images: Validation Loss: 4.045185    	Validation Acc:  51.000 %
Epoch:  2  	Training Loss: 2.621485    	Training Acc:  61.583 %
Accuracy on Testing images: Testing Acc:  51.000 %
Loss and Accuracy on Validation images: Validation Loss: 2.525673    	Validation Acc:  57.000 %
Epoch:  3  	Training Loss: 1.591995    	Training Acc:  69.583 %
Accuracy on Testing images: Testing Acc:  55.333 %
Loss and Accuracy on Validation images: Validation Loss: 2.103211    	Validation Acc:  57.333 %
Epoch:  4  	Training Loss: 0.822145    	Training Acc:  78.750 %
Accuracy on Testing images: Testing Acc:  53.000 %
Loss and Accuracy on Validation images: Validation Loss: 2.465309    	Validation Acc:  62.000 %
Epoch:  5  	Training Loss: 0.831735    	Training Acc:  78.292 %
Accuracy on Testing images: Testing Acc:  68.667 %
Loss and Accuracy on Validation images: Validation Loss: 1.428891    	Validation Acc:  68.000 %
Epoch:  6  	Training Loss: 1.118910    	Training Acc:  76.458 %
Accuracy on Testing images: Testing Acc:  57.667 %
Loss and Accuracy on Validation images: Validation Loss: 3.641225    	Validation Acc:  52.667 %
Epoch:  7  	Training Loss: 1.075820    	Training Acc:  78.250 %
Accuracy on Testing images: Testing Acc:  66.333 %
Loss and Accuracy on Validation images: Validation Loss: 2.734374    	Validation Acc:  62.667 %
Epoch:  8  	Training Loss: 0.426366    	Training Acc:  88.500 %
Accuracy on Testing images: Testing Acc:  70.333 %
Loss and Accuracy on Validation images: Validation Loss: 1.513543    	Validation Acc:  68.667 %
Epoch:  9  	Training Loss: 0.555073    	Training Acc:  85.542 %
Accuracy on Testing images: Testing Acc:  70.000 %
Loss and Accuracy on Validation images: Validation Loss: 1.350180    	Validation Acc:  70.667 %
Epoch:  10  	Training Loss: 0.393491    	Training Acc:  88.042 %
Accuracy on Testing images: Testing Acc:  68.667 %
Loss and Accuracy on Validation images: Validation Loss: 1.871317    	Validation Acc:  69.333 %
Epoch:  11  	Training Loss: 0.331785    	Training Acc:  90.375 %
Accuracy on Testing images: Testing Acc:  65.333 %
Loss and Accuracy on Validation images: Validation Loss: 2.085492    	Validation Acc:  70.667 %
Epoch:  12  	Training Loss: 0.252342    	Training Acc:  91.250 %
Accuracy on Testing images: Testing Acc:  66.667 %
Loss and Accuracy on Validation images: Validation Loss: 1.695675    	Validation Acc:  70.667 %
Epoch:  13  	Training Loss: 0.207035    	Training Acc:  92.958 %
Accuracy on Testing images: Testing Acc:  75.000 %
Loss and Accuracy on Validation images: Validation Loss: 1.757806    	Validation Acc:  72.667 %
Epoch:  14  	Training Loss: 0.224781    	Training Acc:  91.917 %
Accuracy on Testing images: Testing Acc:  74.667 %
Loss and Accuracy on Validation images: Validation Loss: 1.298427    	Validation Acc:  74.333 %
Epoch:  15  	Training Loss: 0.101032    	Training Acc:  96.750 %
Accuracy on Testing images: Testing Acc:  69.333 %
Loss and Accuracy on Validation images: Validation Loss: 1.767031    	Validation Acc:  69.333 %
Epoch:  16  	Training Loss: 0.142285    	Training Acc:  95.333 %
Accuracy on Testing images: Testing Acc:  74.667 %
Loss and Accuracy on Validation images: Validation Loss: 1.369442    	Validation Acc:  73.333 %
Epoch:  17  	Training Loss: 0.189899    	Training Acc:  93.208 %
Accuracy on Testing images: Testing Acc:  78.000 %
Loss and Accuracy on Validation images: Validation Loss: 1.406601    	Validation Acc:  76.667 %
Epoch:  18  	Training Loss: 0.410776    	Training Acc:  89.833 %
Accuracy on Testing images: Testing Acc:  62.667 %
Loss and Accuracy on Validation images: Validation Loss: 2.027303    	Validation Acc:  69.333 %
Epoch:  19  	Training Loss: 0.846191    	Training Acc:  84.375 %
Accuracy on Testing images: Testing Acc:  39.667 %
Loss and Accuracy on Validation images: Validation Loss: 6.208203    	Validation Acc:  36.667 %
Epoch:  20  	Training Loss: 1.408256    	Training Acc:  78.958 %
Accuracy on Testing images: Testing Acc:  59.667 %
Loss and Accuracy on Validation images: Validation Loss: 4.308804    	Validation Acc:  61.333 %
Epoch:  21  	Training Loss: 1.299682    	Training Acc:  81.833 %
Accuracy on Testing images: Testing Acc:  68.000 %
Loss and Accuracy on Validation images: Validation Loss: 2.961351    	Validation Acc:  72.667 %
Epoch:  22  	Training Loss: 0.463673    	Training Acc:  90.917 %
Accuracy on Testing images: Testing Acc:  73.333 %
Loss and Accuracy on Validation images: Validation Loss: 2.191791    	Validation Acc:  74.000 %
Epoch:  23  	Training Loss: 0.786387    	Training Acc:  87.542 %
Accuracy on Testing images: Testing Acc:  64.333 %
Loss and Accuracy on Validation images: Validation Loss: 3.024509    	Validation Acc:  66.333 %
Epoch:  24  	Training Loss: 1.228215    	Training Acc:  81.667 %
Accuracy on Testing images: Testing Acc:  74.000 %
Loss and Accuracy on Validation images: Validation Loss: 2.311978    	Validation Acc:  74.000 %
EARLY STOP SATISFIES, STOP TRAINING
---Traing Process End---
Best Test Accuracy is: 74.667 %
