BEGIN TO LOAD DATA!
Epoch:  1  	Training Loss: 53.935811    	Training Acc:  31.167 %
Accuracy on Testing images: Testing Acc:  54.667 %
Loss and Accuracy on Validation images: Validation Loss: 2.156801    	Validation Acc:  46.667 %
Epoch:  2  	Training Loss: 2.372386    	Training Acc:  35.500 %
Accuracy on Testing images: Testing Acc:  20.000 %
Loss and Accuracy on Validation images: Validation Loss: 1.361496    	Validation Acc:  26.667 %
Epoch:  3  	Training Loss: 1.403613    	Training Acc:  37.333 %
Accuracy on Testing images: Testing Acc:  43.333 %
Loss and Accuracy on Validation images: Validation Loss: 1.276115    	Validation Acc:  40.667 %
Epoch:  4  	Training Loss: 1.310474    	Training Acc:  40.458 %
Accuracy on Testing images: Testing Acc:  41.667 %
Loss and Accuracy on Validation images: Validation Loss: 1.246933    	Validation Acc:  41.333 %
Epoch:  5  	Training Loss: 1.229863    	Training Acc:  44.250 %
Accuracy on Testing images: Testing Acc:  56.333 %
Loss and Accuracy on Validation images: Validation Loss: 1.135997    	Validation Acc:  49.333 %
Epoch:  6  	Training Loss: 1.159459    	Training Acc:  47.583 %
Accuracy on Testing images: Testing Acc:  54.667 %
Loss and Accuracy on Validation images: Validation Loss: 1.071712    	Validation Acc:  50.333 %
Epoch:  7  	Training Loss: 1.090763    	Training Acc:  48.750 %
Accuracy on Testing images: Testing Acc:  50.000 %
Loss and Accuracy on Validation images: Validation Loss: 1.048263    	Validation Acc:  44.333 %
Epoch:  8  	Training Loss: 1.074408    	Training Acc:  50.583 %
Accuracy on Testing images: Testing Acc:  50.000 %
Loss and Accuracy on Validation images: Validation Loss: 1.054190    	Validation Acc:  43.333 %
Epoch:  9  	Training Loss: 0.982878    	Training Acc:  53.542 %
Accuracy on Testing images: Testing Acc:  62.000 %
Loss and Accuracy on Validation images: Validation Loss: 0.984509    	Validation Acc:  49.667 %
Epoch:  10  	Training Loss: 0.938191    	Training Acc:  53.667 %
Accuracy on Testing images: Testing Acc:  57.333 %
Loss and Accuracy on Validation images: Validation Loss: 0.959916    	Validation Acc:  51.333 %
Epoch:  11  	Training Loss: 0.887422    	Training Acc:  56.750 %
Accuracy on Testing images: Testing Acc:  62.000 %
Loss and Accuracy on Validation images: Validation Loss: 0.925560    	Validation Acc:  53.333 %
Epoch:  12  	Training Loss: 0.844273    	Training Acc:  61.750 %
Accuracy on Testing images: Testing Acc:  63.000 %
Loss and Accuracy on Validation images: Validation Loss: 0.874872    	Validation Acc:  55.333 %
Epoch:  13  	Training Loss: 0.784196    	Training Acc:  64.542 %
Accuracy on Testing images: Testing Acc:  68.000 %
Loss and Accuracy on Validation images: Validation Loss: 0.868462    	Validation Acc:  61.333 %
Epoch:  14  	Training Loss: 0.730450    	Training Acc:  66.833 %
Accuracy on Testing images: Testing Acc:  72.333 %
Loss and Accuracy on Validation images: Validation Loss: 0.904735    	Validation Acc:  60.333 %
Epoch:  15  	Training Loss: 0.723773    	Training Acc:  67.917 %
Accuracy on Testing images: Testing Acc:  69.333 %
Loss and Accuracy on Validation images: Validation Loss: 0.804880    	Validation Acc:  62.333 %
Epoch:  16  	Training Loss: 0.711335    	Training Acc:  66.625 %
Accuracy on Testing images: Testing Acc:  70.667 %
Loss and Accuracy on Validation images: Validation Loss: 0.765184    	Validation Acc:  62.667 %
Epoch:  17  	Training Loss: 0.713928    	Training Acc:  69.375 %
Accuracy on Testing images: Testing Acc:  69.333 %
Loss and Accuracy on Validation images: Validation Loss: 0.849345    	Validation Acc:  62.000 %
Epoch:  18  	Training Loss: 0.630218    	Training Acc:  71.875 %
Accuracy on Testing images: Testing Acc:  74.667 %
Loss and Accuracy on Validation images: Validation Loss: 0.810362    	Validation Acc:  67.333 %
Epoch:  19  	Training Loss: 0.624709    	Training Acc:  72.708 %
Accuracy on Testing images: Testing Acc:  70.667 %
Loss and Accuracy on Validation images: Validation Loss: 0.717174    	Validation Acc:  63.000 %
Epoch:  20  	Training Loss: 0.681456    	Training Acc:  69.708 %
Accuracy on Testing images: Testing Acc:  72.333 %
Loss and Accuracy on Validation images: Validation Loss: 0.792034    	Validation Acc:  65.333 %
Epoch:  21  	Training Loss: 0.597140    	Training Acc:  74.375 %
Accuracy on Testing images: Testing Acc:  70.000 %
Loss and Accuracy on Validation images: Validation Loss: 0.861052    	Validation Acc:  64.000 %
Epoch:  22  	Training Loss: 0.539762    	Training Acc:  77.042 %
Accuracy on Testing images: Testing Acc:  74.000 %
Loss and Accuracy on Validation images: Validation Loss: 0.724162    	Validation Acc:  69.667 %
Epoch:  23  	Training Loss: 0.485242    	Training Acc:  78.167 %
Accuracy on Testing images: Testing Acc:  77.333 %
Loss and Accuracy on Validation images: Validation Loss: 0.729800    	Validation Acc:  69.667 %
Epoch:  24  	Training Loss: 0.468884    	Training Acc:  80.833 %
Accuracy on Testing images: Testing Acc:  76.000 %
Loss and Accuracy on Validation images: Validation Loss: 0.729525    	Validation Acc:  71.333 %
Epoch:  25  	Training Loss: 0.472918    	Training Acc:  80.125 %
Accuracy on Testing images: Testing Acc:  73.667 %
Loss and Accuracy on Validation images: Validation Loss: 0.831302    	Validation Acc:  69.667 %
Epoch:  26  	Training Loss: 0.471021    	Training Acc:  80.625 %
Accuracy on Testing images: Testing Acc:  75.000 %
Loss and Accuracy on Validation images: Validation Loss: 0.773407    	Validation Acc:  65.333 %
Epoch:  27  	Training Loss: 0.451805    	Training Acc:  80.542 %
Accuracy on Testing images: Testing Acc:  72.667 %
Loss and Accuracy on Validation images: Validation Loss: 0.708369    	Validation Acc:  72.000 %
Epoch:  28  	Training Loss: 0.415152    	Training Acc:  83.125 %
Accuracy on Testing images: Testing Acc:  65.667 %
Loss and Accuracy on Validation images: Validation Loss: 0.840517    	Validation Acc:  63.667 %
Epoch:  29  	Training Loss: 0.504384    	Training Acc:  80.333 %
Accuracy on Testing images: Testing Acc:  65.667 %
Loss and Accuracy on Validation images: Validation Loss: 0.930227    	Validation Acc:  61.000 %
Epoch:  30  	Training Loss: 0.427019    	Training Acc:  82.792 %
Accuracy on Testing images: Testing Acc:  72.667 %
Loss and Accuracy on Validation images: Validation Loss: 0.800226    	Validation Acc:  73.000 %
Epoch:  31  	Training Loss: 0.384807    	Training Acc:  85.042 %
Accuracy on Testing images: Testing Acc:  76.000 %
Loss and Accuracy on Validation images: Validation Loss: 0.815608    	Validation Acc:  66.333 %
Epoch:  32  	Training Loss: 0.347804    	Training Acc:  86.292 %
Accuracy on Testing images: Testing Acc:  79.333 %
Loss and Accuracy on Validation images: Validation Loss: 0.690668    	Validation Acc:  76.667 %
Epoch:  33  	Training Loss: 0.353149    	Training Acc:  87.000 %
Accuracy on Testing images: Testing Acc:  76.667 %
Loss and Accuracy on Validation images: Validation Loss: 0.796405    	Validation Acc:  73.000 %
Epoch:  34  	Training Loss: 0.333060    	Training Acc:  86.417 %
Accuracy on Testing images: Testing Acc:  79.667 %
Loss and Accuracy on Validation images: Validation Loss: 0.730042    	Validation Acc:  77.000 %
Epoch:  35  	Training Loss: 0.351640    	Training Acc:  85.750 %
Accuracy on Testing images: Testing Acc:  79.000 %
Loss and Accuracy on Validation images: Validation Loss: 0.768011    	Validation Acc:  75.000 %
Epoch:  36  	Training Loss: 0.328249    	Training Acc:  86.667 %
Accuracy on Testing images: Testing Acc:  78.000 %
Loss and Accuracy on Validation images: Validation Loss: 0.915881    	Validation Acc:  77.000 %
Epoch:  37  	Training Loss: 0.337761    	Training Acc:  87.292 %
Accuracy on Testing images: Testing Acc:  73.333 %
Loss and Accuracy on Validation images: Validation Loss: 0.920498    	Validation Acc:  70.000 %
Epoch:  38  	Training Loss: 0.324071    	Training Acc:  88.458 %
Accuracy on Testing images: Testing Acc:  81.000 %
Loss and Accuracy on Validation images: Validation Loss: 0.738613    	Validation Acc:  78.000 %
Epoch:  39  	Training Loss: 0.350227    	Training Acc:  87.042 %
Accuracy on Testing images: Testing Acc:  79.667 %
Loss and Accuracy on Validation images: Validation Loss: 0.941925    	Validation Acc:  79.333 %
Epoch:  40  	Training Loss: 0.293006    	Training Acc:  88.750 %
Accuracy on Testing images: Testing Acc:  81.333 %
Loss and Accuracy on Validation images: Validation Loss: 0.820463    	Validation Acc:  78.333 %
Epoch:  41  	Training Loss: 0.232381    	Training Acc:  91.875 %
Accuracy on Testing images: Testing Acc:  75.333 %
Loss and Accuracy on Validation images: Validation Loss: 0.966506    	Validation Acc:  71.667 %
Epoch:  42  	Training Loss: 0.325450    	Training Acc:  87.958 %
Accuracy on Testing images: Testing Acc:  76.667 %
Loss and Accuracy on Validation images: Validation Loss: 0.803563    	Validation Acc:  73.667 %
EARLY STOP SATISFIES, STOP TRAINING
---Traing Process End---
Best Test Accuracy is: 79.333 %
