BEGIN TO LOAD DATA!
Epoch:  1  	Training Loss: 47.227382    	Training Acc:  32.833 %
Accuracy on Testing images: Testing Acc:  41.000 %
Loss and Accuracy on Validation images: Validation Loss: 8.091486    	Validation Acc:  45.000 %
Epoch:  2  	Training Loss: 3.642571    	Training Acc:  41.750 %
Accuracy on Testing images: Testing Acc:  42.333 %
Loss and Accuracy on Validation images: Validation Loss: 2.255073    	Validation Acc:  41.333 %
Epoch:  3  	Training Loss: 1.894054    	Training Acc:  42.917 %
Accuracy on Testing images: Testing Acc:  42.667 %
Loss and Accuracy on Validation images: Validation Loss: 1.462740    	Validation Acc:  47.667 %
Epoch:  4  	Training Loss: 1.416393    	Training Acc:  46.500 %
Accuracy on Testing images: Testing Acc:  53.333 %
Loss and Accuracy on Validation images: Validation Loss: 1.386035    	Validation Acc:  49.667 %
Epoch:  5  	Training Loss: 1.215032    	Training Acc:  49.417 %
Accuracy on Testing images: Testing Acc:  50.000 %
Loss and Accuracy on Validation images: Validation Loss: 1.121743    	Validation Acc:  51.667 %
Epoch:  6  	Training Loss: 1.087940    	Training Acc:  52.083 %
Accuracy on Testing images: Testing Acc:  57.667 %
Loss and Accuracy on Validation images: Validation Loss: 1.032596    	Validation Acc:  57.667 %
Epoch:  7  	Training Loss: 1.006115    	Training Acc:  56.125 %
Accuracy on Testing images: Testing Acc:  52.667 %
Loss and Accuracy on Validation images: Validation Loss: 1.029010    	Validation Acc:  57.667 %
Epoch:  8  	Training Loss: 0.967252    	Training Acc:  58.000 %
Accuracy on Testing images: Testing Acc:  52.667 %
Loss and Accuracy on Validation images: Validation Loss: 0.901442    	Validation Acc:  62.000 %
Epoch:  9  	Training Loss: 0.919958    	Training Acc:  58.792 %
Accuracy on Testing images: Testing Acc:  56.000 %
Loss and Accuracy on Validation images: Validation Loss: 0.936750    	Validation Acc:  60.667 %
Epoch:  10  	Training Loss: 0.881277    	Training Acc:  62.833 %
Accuracy on Testing images: Testing Acc:  57.333 %
Loss and Accuracy on Validation images: Validation Loss: 0.898545    	Validation Acc:  63.000 %
Epoch:  11  	Training Loss: 0.843629    	Training Acc:  62.250 %
Accuracy on Testing images: Testing Acc:  62.667 %
Loss and Accuracy on Validation images: Validation Loss: 1.003381    	Validation Acc:  62.333 %
Epoch:  12  	Training Loss: 0.818882    	Training Acc:  64.000 %
Accuracy on Testing images: Testing Acc:  57.000 %
Loss and Accuracy on Validation images: Validation Loss: 0.798789    	Validation Acc:  66.667 %
Epoch:  13  	Training Loss: 0.746558    	Training Acc:  65.833 %
Accuracy on Testing images: Testing Acc:  64.667 %
Loss and Accuracy on Validation images: Validation Loss: 0.799806    	Validation Acc:  71.333 %
Epoch:  14  	Training Loss: 0.724571    	Training Acc:  68.250 %
Accuracy on Testing images: Testing Acc:  62.333 %
Loss and Accuracy on Validation images: Validation Loss: 0.861502    	Validation Acc:  63.667 %
Epoch:  15  	Training Loss: 0.704081    	Training Acc:  69.000 %
Accuracy on Testing images: Testing Acc:  62.667 %
Loss and Accuracy on Validation images: Validation Loss: 0.947943    	Validation Acc:  62.333 %
Epoch:  16  	Training Loss: 0.726365    	Training Acc:  69.292 %
Accuracy on Testing images: Testing Acc:  62.000 %
Loss and Accuracy on Validation images: Validation Loss: 0.835899    	Validation Acc:  64.000 %
Epoch:  17  	Training Loss: 0.716933    	Training Acc:  70.833 %
Accuracy on Testing images: Testing Acc:  66.333 %
Loss and Accuracy on Validation images: Validation Loss: 0.892388    	Validation Acc:  66.333 %
Epoch:  18  	Training Loss: 0.620738    	Training Acc:  74.292 %
Accuracy on Testing images: Testing Acc:  65.000 %
Loss and Accuracy on Validation images: Validation Loss: 0.976253    	Validation Acc:  63.667 %
Epoch:  19  	Training Loss: 0.663162    	Training Acc:  72.708 %
Accuracy on Testing images: Testing Acc:  65.667 %
Loss and Accuracy on Validation images: Validation Loss: 0.928981    	Validation Acc:  69.333 %
Epoch:  20  	Training Loss: 0.566976    	Training Acc:  76.333 %
Accuracy on Testing images: Testing Acc:  61.333 %
Loss and Accuracy on Validation images: Validation Loss: 0.799311    	Validation Acc:  70.333 %
Epoch:  21  	Training Loss: 0.578931    	Training Acc:  75.542 %
Accuracy on Testing images: Testing Acc:  59.667 %
Loss and Accuracy on Validation images: Validation Loss: 1.459674    	Validation Acc:  59.333 %
Epoch:  22  	Training Loss: 0.631063    	Training Acc:  74.833 %
Accuracy on Testing images: Testing Acc:  68.333 %
Loss and Accuracy on Validation images: Validation Loss: 0.856554    	Validation Acc:  74.000 %
EARLY STOP SATISFIES, STOP TRAINING
---Traing Process End---
Best Test Accuracy is: 57.000 %
