BEGIN TO LOAD DATA!
Epoch:  1  	Training Loss: 67.600518    	Training Acc:  30.333 %
Accuracy on Testing images: Testing Acc:  31.333 %
Loss and Accuracy on Validation images: Validation Loss: 2.194112    	Validation Acc:  26.000 %
Epoch:  2  	Training Loss: 3.570209    	Training Acc:  31.875 %
Accuracy on Testing images: Testing Acc:  31.000 %
Loss and Accuracy on Validation images: Validation Loss: 1.388038    	Validation Acc:  24.333 %
Epoch:  3  	Training Loss: 1.589242    	Training Acc:  29.500 %
Accuracy on Testing images: Testing Acc:  26.667 %
Loss and Accuracy on Validation images: Validation Loss: 1.356612    	Validation Acc:  30.333 %
Epoch:  4  	Training Loss: 1.446630    	Training Acc:  30.792 %
Accuracy on Testing images: Testing Acc:  26.667 %
Loss and Accuracy on Validation images: Validation Loss: 1.349584    	Validation Acc:  30.667 %
Epoch:  5  	Training Loss: 1.354900    	Training Acc:  37.250 %
Accuracy on Testing images: Testing Acc:  49.333 %
Loss and Accuracy on Validation images: Validation Loss: 1.296586    	Validation Acc:  46.333 %
Epoch:  6  	Training Loss: 1.306927    	Training Acc:  39.625 %
Accuracy on Testing images: Testing Acc:  49.333 %
Loss and Accuracy on Validation images: Validation Loss: 1.243007    	Validation Acc:  45.667 %
Epoch:  7  	Training Loss: 1.289720    	Training Acc:  41.500 %
Accuracy on Testing images: Testing Acc:  47.667 %
Loss and Accuracy on Validation images: Validation Loss: 1.194210    	Validation Acc:  46.333 %
Epoch:  8  	Training Loss: 1.257967    	Training Acc:  41.375 %
Accuracy on Testing images: Testing Acc:  52.000 %
Loss and Accuracy on Validation images: Validation Loss: 1.175586    	Validation Acc:  48.000 %
Epoch:  9  	Training Loss: 1.192672    	Training Acc:  44.958 %
Accuracy on Testing images: Testing Acc:  54.333 %
Loss and Accuracy on Validation images: Validation Loss: 1.109085    	Validation Acc:  49.667 %
Epoch:  10  	Training Loss: 1.168941    	Training Acc:  45.667 %
Accuracy on Testing images: Testing Acc:  55.667 %
Loss and Accuracy on Validation images: Validation Loss: 1.153492    	Validation Acc:  50.667 %
Epoch:  11  	Training Loss: 1.110310    	Training Acc:  48.667 %
Accuracy on Testing images: Testing Acc:  56.667 %
Loss and Accuracy on Validation images: Validation Loss: 1.039457    	Validation Acc:  51.667 %
Epoch:  12  	Training Loss: 1.066593    	Training Acc:  50.875 %
Accuracy on Testing images: Testing Acc:  51.667 %
Loss and Accuracy on Validation images: Validation Loss: 0.999412    	Validation Acc:  51.667 %
Epoch:  13  	Training Loss: 1.037603    	Training Acc:  53.417 %
Accuracy on Testing images: Testing Acc:  61.333 %
Loss and Accuracy on Validation images: Validation Loss: 0.979078    	Validation Acc:  55.000 %
Epoch:  14  	Training Loss: 1.014268    	Training Acc:  52.250 %
Accuracy on Testing images: Testing Acc:  56.333 %
Loss and Accuracy on Validation images: Validation Loss: 0.922626    	Validation Acc:  54.667 %
Epoch:  15  	Training Loss: 0.964598    	Training Acc:  55.000 %
Accuracy on Testing images: Testing Acc:  62.000 %
Loss and Accuracy on Validation images: Validation Loss: 0.947856    	Validation Acc:  62.667 %
Epoch:  16  	Training Loss: 0.949359    	Training Acc:  56.542 %
Accuracy on Testing images: Testing Acc:  62.667 %
Loss and Accuracy on Validation images: Validation Loss: 0.904795    	Validation Acc:  62.667 %
Epoch:  17  	Training Loss: 0.917623    	Training Acc:  57.125 %
Accuracy on Testing images: Testing Acc:  57.667 %
Loss and Accuracy on Validation images: Validation Loss: 0.893678    	Validation Acc:  63.333 %
Epoch:  18  	Training Loss: 0.940237    	Training Acc:  56.333 %
Accuracy on Testing images: Testing Acc:  55.333 %
Loss and Accuracy on Validation images: Validation Loss: 0.981068    	Validation Acc:  54.000 %
Epoch:  19  	Training Loss: 0.960478    	Training Acc:  56.958 %
Accuracy on Testing images: Testing Acc:  65.000 %
Loss and Accuracy on Validation images: Validation Loss: 0.852992    	Validation Acc:  61.667 %
Epoch:  20  	Training Loss: 0.873373    	Training Acc:  59.625 %
Accuracy on Testing images: Testing Acc:  65.667 %
Loss and Accuracy on Validation images: Validation Loss: 0.841175    	Validation Acc:  65.000 %
Epoch:  21  	Training Loss: 0.834701    	Training Acc:  59.792 %
Accuracy on Testing images: Testing Acc:  66.667 %
Loss and Accuracy on Validation images: Validation Loss: 0.896309    	Validation Acc:  66.667 %
Epoch:  22  	Training Loss: 0.870026    	Training Acc:  62.583 %
Accuracy on Testing images: Testing Acc:  64.000 %
Loss and Accuracy on Validation images: Validation Loss: 0.868050    	Validation Acc:  68.000 %
Epoch:  23  	Training Loss: 0.821046    	Training Acc:  63.042 %
Accuracy on Testing images: Testing Acc:  64.000 %
Loss and Accuracy on Validation images: Validation Loss: 0.816110    	Validation Acc:  68.667 %
Epoch:  24  	Training Loss: 0.846426    	Training Acc:  61.625 %
Accuracy on Testing images: Testing Acc:  65.333 %
Loss and Accuracy on Validation images: Validation Loss: 0.936538    	Validation Acc:  63.667 %
Epoch:  25  	Training Loss: 0.885034    	Training Acc:  60.167 %
Accuracy on Testing images: Testing Acc:  62.000 %
Loss and Accuracy on Validation images: Validation Loss: 0.858042    	Validation Acc:  62.000 %
Epoch:  26  	Training Loss: 0.794997    	Training Acc:  64.208 %
Accuracy on Testing images: Testing Acc:  69.000 %
Loss and Accuracy on Validation images: Validation Loss: 0.875042    	Validation Acc:  67.667 %
Epoch:  27  	Training Loss: 0.867954    	Training Acc:  63.042 %
Accuracy on Testing images: Testing Acc:  61.333 %
Loss and Accuracy on Validation images: Validation Loss: 0.924503    	Validation Acc:  59.333 %
Epoch:  28  	Training Loss: 0.845920    	Training Acc:  63.583 %
Accuracy on Testing images: Testing Acc:  67.000 %
Loss and Accuracy on Validation images: Validation Loss: 0.896107    	Validation Acc:  65.333 %
Epoch:  29  	Training Loss: 0.801299    	Training Acc:  64.375 %
Accuracy on Testing images: Testing Acc:  70.000 %
Loss and Accuracy on Validation images: Validation Loss: 0.831188    	Validation Acc:  68.333 %
Epoch:  30  	Training Loss: 0.793807    	Training Acc:  64.583 %
Accuracy on Testing images: Testing Acc:  63.333 %
Loss and Accuracy on Validation images: Validation Loss: 0.876803    	Validation Acc:  64.667 %
Epoch:  31  	Training Loss: 0.867501    	Training Acc:  61.750 %
Accuracy on Testing images: Testing Acc:  69.667 %
Loss and Accuracy on Validation images: Validation Loss: 0.824253    	Validation Acc:  69.333 %
Epoch:  32  	Training Loss: 0.874931    	Training Acc:  62.083 %
Accuracy on Testing images: Testing Acc:  66.000 %
Loss and Accuracy on Validation images: Validation Loss: 0.896140    	Validation Acc:  67.667 %
Epoch:  33  	Training Loss: 0.820657    	Training Acc:  64.000 %
Accuracy on Testing images: Testing Acc:  70.667 %
Loss and Accuracy on Validation images: Validation Loss: 0.847041    	Validation Acc:  66.000 %
EARLY STOP SATISFIES, STOP TRAINING
---Traing Process End---
Best Test Accuracy is: 64.000 %
