BEGIN TO LOAD DATA!
/home/uceehx2/AMLS-Image-Classification/model_cnn.py:21: UserWarning: Implicit dimension choice for log_softmax has been deprecated. Change the call to include dim=X as an argument.
  return F.log_softmax(x)
----------------EPOCH 1-------------------
Train Loss:     4.38 | Training Acc:    37.38
Testing Acc:     60.00
Validation Loss:     1.05 | Val Acc:    62.33
----------------EPOCH 2-------------------
Train Loss:     1.00 | Training Acc:    58.62
Testing Acc:     68.33
Validation Loss:     0.81 | Val Acc:    70.00
----------------EPOCH 3-------------------
Train Loss:     0.74 | Training Acc:    71.42
Testing Acc:     76.67
Validation Loss:     0.63 | Val Acc:    79.00
----------------EPOCH 4-------------------
Train Loss:     0.59 | Training Acc:    78.83
Testing Acc:     78.33
Validation Loss:     0.57 | Val Acc:    79.67
----------------EPOCH 5-------------------
Train Loss:     0.45 | Training Acc:    82.88
Testing Acc:     78.33
Validation Loss:     0.52 | Val Acc:    81.33
----------------EPOCH 6-------------------
Train Loss:     0.34 | Training Acc:    88.71
Testing Acc:     82.17
Validation Loss:     0.42 | Val Acc:    84.33
----------------EPOCH 7-------------------
Train Loss:     0.24 | Training Acc:    91.38
Testing Acc:     83.33
Validation Loss:     0.41 | Val Acc:    82.67
----------------EPOCH 8-------------------
Train Loss:     0.19 | Training Acc:    93.96
Testing Acc:     83.50
Validation Loss:     0.42 | Val Acc:    84.67
----------------EPOCH 9-------------------
Train Loss:     0.15 | Training Acc:    94.58
Testing Acc:     84.67
Validation Loss:     0.48 | Val Acc:    83.00
----------------EPOCH 10-------------------
Train Loss:     0.13 | Training Acc:    95.92
Testing Acc:     84.50
Validation Loss:     0.43 | Val Acc:    85.00
----------------EPOCH 11-------------------
Train Loss:     0.11 | Training Acc:    96.54
Testing Acc:     84.67
Validation Loss:     0.43 | Val Acc:    85.67
----------------EPOCH 12-------------------
Train Loss:     0.09 | Training Acc:    97.50
Testing Acc:     84.00
Validation Loss:     0.49 | Val Acc:    84.67
----------------EPOCH 13-------------------
Train Loss:     0.08 | Training Acc:    97.71
Testing Acc:     85.17
Validation Loss:     0.50 | Val Acc:    86.00
----------------EPOCH 14-------------------
Train Loss:     0.07 | Training Acc:    97.58
Testing Acc:     85.50
Validation Loss:     0.46 | Val Acc:    87.00
----------------EPOCH 15-------------------
Train Loss:     0.07 | Training Acc:    97.79
Testing Acc:     84.67
Validation Loss:     0.49 | Val Acc:    85.33
----------------EPOCH 16-------------------
Train Loss:     0.06 | Training Acc:    98.04
Testing Acc:     84.50
Validation Loss:     0.49 | Val Acc:    86.00
----------------EPOCH 17-------------------
Train Loss:     0.05 | Training Acc:    98.62
Testing Acc:     85.33
Validation Loss:     0.51 | Val Acc:    86.67
----------------EPOCH 18-------------------
Train Loss:     0.05 | Training Acc:    98.50
Testing Acc:     85.00
Validation Loss:     0.51 | Val Acc:    86.33
----------------EPOCH 19-------------------
Train Loss:     0.04 | Training Acc:    98.83
Testing Acc:     84.83
Validation Loss:     0.56 | Val Acc:    86.33
----------------EPOCH 20-------------------
Train Loss:     0.05 | Training Acc:    98.46
Testing Acc:     85.00
Validation Loss:     0.51 | Val Acc:    86.67
----------------EPOCH 21-------------------
Train Loss:     0.03 | Training Acc:    99.25
Testing Acc:     84.17
Validation Loss:     0.60 | Val Acc:    86.67
----------------EPOCH 22-------------------
Train Loss:     0.04 | Training Acc:    98.79
Testing Acc:     83.67
Validation Loss:     0.62 | Val Acc:    84.67
----------------EPOCH 23-------------------
Train Loss:     0.04 | Training Acc:    98.79
Testing Acc:     83.83
Validation Loss:     0.60 | Val Acc:    85.67
----------------EPOCH 24-------------------
Train Loss:     0.04 | Training Acc:    98.79
Testing Acc:     85.33
Validation Loss:     0.55 | Val Acc:    86.33
EARLY STOP SATISFIES, STOP TRAINING
---Traing Process End---
Best Test Accuracy is: 85.500 %
