BEGIN TO LOAD DATA!
Epoch:  1  	Training Loss: 80.803583    	Training Acc:  31.458 %
Accuracy on Testing images: Testing Acc:  30.333 %
Loss and Accuracy on Validation images: Validation Loss: 14.771772    	Validation Acc:  30.333 %
Epoch:  2  	Training Loss: 3.535258    	Training Acc:  51.417 %
Accuracy on Testing images: Testing Acc:  38.000 %
Loss and Accuracy on Validation images: Validation Loss: 2.640079    	Validation Acc:  43.667 %
Epoch:  3  	Training Loss: 1.592039    	Training Acc:  57.917 %
Accuracy on Testing images: Testing Acc:  50.000 %
Loss and Accuracy on Validation images: Validation Loss: 2.318127    	Validation Acc:  53.667 %
Epoch:  4  	Training Loss: 0.884449    	Training Acc:  70.792 %
Accuracy on Testing images: Testing Acc:  66.667 %
Loss and Accuracy on Validation images: Validation Loss: 0.753309    	Validation Acc:  75.000 %
Epoch:  5  	Training Loss: 0.660673    	Training Acc:  73.958 %
Accuracy on Testing images: Testing Acc:  66.333 %
Loss and Accuracy on Validation images: Validation Loss: 0.862338    	Validation Acc:  68.333 %
Epoch:  6  	Training Loss: 0.963454    	Training Acc:  70.042 %
Accuracy on Testing images: Testing Acc:  69.333 %
Loss and Accuracy on Validation images: Validation Loss: 1.080563    	Validation Acc:  73.000 %
Epoch:  7  	Training Loss: 0.687286    	Training Acc:  76.208 %
Accuracy on Testing images: Testing Acc:  68.667 %
Loss and Accuracy on Validation images: Validation Loss: 0.709536    	Validation Acc:  73.000 %
Epoch:  8  	Training Loss: 0.386013    	Training Acc:  84.583 %
Accuracy on Testing images: Testing Acc:  63.000 %
Loss and Accuracy on Validation images: Validation Loss: 0.868502    	Validation Acc:  70.000 %
Epoch:  9  	Training Loss: 0.453351    	Training Acc:  82.875 %
Accuracy on Testing images: Testing Acc:  75.333 %
Loss and Accuracy on Validation images: Validation Loss: 0.576077    	Validation Acc:  81.000 %
Epoch:  10  	Training Loss: 0.317980    	Training Acc:  87.875 %
Accuracy on Testing images: Testing Acc:  72.000 %
Loss and Accuracy on Validation images: Validation Loss: 0.592742    	Validation Acc:  79.333 %
Epoch:  11  	Training Loss: 0.230598    	Training Acc:  91.292 %
Accuracy on Testing images: Testing Acc:  67.667 %
Loss and Accuracy on Validation images: Validation Loss: 1.110411    	Validation Acc:  69.000 %
Epoch:  12  	Training Loss: 0.224969    	Training Acc:  92.042 %
Accuracy on Testing images: Testing Acc:  74.667 %
Loss and Accuracy on Validation images: Validation Loss: 0.658253    	Validation Acc:  78.333 %
Epoch:  13  	Training Loss: 0.144450    	Training Acc:  95.708 %
Accuracy on Testing images: Testing Acc:  79.333 %
Loss and Accuracy on Validation images: Validation Loss: 0.531608    	Validation Acc:  81.333 %
Epoch:  14  	Training Loss: 0.119292    	Training Acc:  96.375 %
Accuracy on Testing images: Testing Acc:  80.333 %
Loss and Accuracy on Validation images: Validation Loss: 0.541733    	Validation Acc:  84.000 %
Epoch:  15  	Training Loss: 0.096500    	Training Acc:  97.583 %
Accuracy on Testing images: Testing Acc:  80.667 %
Loss and Accuracy on Validation images: Validation Loss: 0.579043    	Validation Acc:  84.667 %
Epoch:  16  	Training Loss: 0.094403    	Training Acc:  97.333 %
Accuracy on Testing images: Testing Acc:  83.000 %
Loss and Accuracy on Validation images: Validation Loss: 0.557660    	Validation Acc:  84.000 %
Epoch:  17  	Training Loss: 0.145313    	Training Acc:  94.583 %
Accuracy on Testing images: Testing Acc:  72.667 %
Loss and Accuracy on Validation images: Validation Loss: 0.773353    	Validation Acc:  76.667 %
Epoch:  18  	Training Loss: 0.138907    	Training Acc:  95.042 %
Accuracy on Testing images: Testing Acc:  81.000 %
Loss and Accuracy on Validation images: Validation Loss: 0.579787    	Validation Acc:  84.000 %
Epoch:  19  	Training Loss: 0.091191    	Training Acc:  97.042 %
Accuracy on Testing images: Testing Acc:  81.000 %
Loss and Accuracy on Validation images: Validation Loss: 0.561551    	Validation Acc:  84.000 %
Epoch:  20  	Training Loss: 0.066597    	Training Acc:  97.750 %
Accuracy on Testing images: Testing Acc:  82.667 %
Loss and Accuracy on Validation images: Validation Loss: 0.577875    	Validation Acc:  85.333 %
Epoch:  21  	Training Loss: 0.040587    	Training Acc:  99.167 %
Accuracy on Testing images: Testing Acc:  83.333 %
Loss and Accuracy on Validation images: Validation Loss: 0.583436    	Validation Acc:  85.333 %
Epoch:  22  	Training Loss: 0.040182    	Training Acc:  99.250 %
Accuracy on Testing images: Testing Acc:  80.000 %
Loss and Accuracy on Validation images: Validation Loss: 0.666821    	Validation Acc:  84.000 %
Epoch:  23  	Training Loss: 0.030257    	Training Acc:  99.542 %
Accuracy on Testing images: Testing Acc:  83.333 %
Loss and Accuracy on Validation images: Validation Loss: 0.642648    	Validation Acc:  85.000 %
EARLY STOP SATISFIES, STOP TRAINING
---Traing Process End---
Best Test Accuracy is: 79.333 %
