BEGIN TO LOAD DATA!
----------------EPOCH 1-------------------
Train Loss:     1.43 | Training Acc:    59.96
Testing Acc:     84.83
Validation Loss:     0.47 | Val Acc:    84.67
----------------EPOCH 2-------------------
Train Loss:     0.41 | Training Acc:    84.79
Testing Acc:     90.33
Validation Loss:     0.30 | Val Acc:    90.00
----------------EPOCH 3-------------------
Train Loss:     0.24 | Training Acc:    91.71
Testing Acc:     93.33
Validation Loss:     0.24 | Val Acc:    93.33
----------------EPOCH 4-------------------
Train Loss:     0.12 | Training Acc:    95.83
Testing Acc:     93.17
Validation Loss:     0.24 | Val Acc:    94.00
----------------EPOCH 5-------------------
Train Loss:     0.07 | Training Acc:    97.62
Testing Acc:     91.50
Validation Loss:     0.20 | Val Acc:    93.33
----------------EPOCH 6-------------------
Train Loss:     0.03 | Training Acc:    99.04
Testing Acc:     94.33
Validation Loss:     0.22 | Val Acc:    94.67
----------------EPOCH 7-------------------
Train Loss:     0.01 | Training Acc:    99.62
Testing Acc:     95.33
Validation Loss:     0.13 | Val Acc:    96.33
----------------EPOCH 8-------------------
Train Loss:     0.01 | Training Acc:    99.50
Testing Acc:     89.83
Validation Loss:     0.50 | Val Acc:    90.67
----------------EPOCH 9-------------------
Train Loss:     0.09 | Training Acc:    97.25
Testing Acc:     92.00
Validation Loss:     0.38 | Val Acc:    92.00
----------------EPOCH 10-------------------
Train Loss:     0.09 | Training Acc:    96.92
Testing Acc:     94.17
Validation Loss:     0.21 | Val Acc:    94.00
----------------EPOCH 11-------------------
Train Loss:     0.04 | Training Acc:    98.58
Testing Acc:     95.17
Validation Loss:     0.18 | Val Acc:    95.67
----------------EPOCH 12-------------------
Train Loss:     0.01 | Training Acc:    99.71
Testing Acc:     96.17
Validation Loss:     0.13 | Val Acc:    96.67
----------------EPOCH 13-------------------
Train Loss:     0.00 | Training Acc:    99.88
Testing Acc:     97.17
Validation Loss:     0.10 | Val Acc:    98.00
----------------EPOCH 14-------------------
Train Loss:     0.00 | Training Acc:    99.96
Testing Acc:     96.17
Validation Loss:     0.13 | Val Acc:    96.67
----------------EPOCH 15-------------------
Train Loss:     0.00 | Training Acc:   100.00
Testing Acc:     97.33
Validation Loss:     0.09 | Val Acc:    98.00
----------------EPOCH 16-------------------
Train Loss:     0.00 | Training Acc:    99.96
Testing Acc:     96.83
Validation Loss:     0.12 | Val Acc:    97.67
----------------EPOCH 17-------------------
Train Loss:     0.00 | Training Acc:    99.96
Testing Acc:     97.00
Validation Loss:     0.10 | Val Acc:    97.67
----------------EPOCH 18-------------------
Train Loss:     0.00 | Training Acc:    99.96
Testing Acc:     97.17
Validation Loss:     0.12 | Val Acc:    98.00
----------------EPOCH 19-------------------
Train Loss:     0.00 | Training Acc:    99.92
Testing Acc:     97.50
Validation Loss:     0.10 | Val Acc:    98.33
----------------EPOCH 20-------------------
Train Loss:     0.01 | Training Acc:    99.96
Testing Acc:     96.33
Validation Loss:     0.20 | Val Acc:    96.33
----------------EPOCH 21-------------------
Train Loss:     0.01 | Training Acc:    99.79
Testing Acc:     95.17
Validation Loss:     0.11 | Val Acc:    96.67
----------------EPOCH 22-------------------
Train Loss:     0.05 | Training Acc:    98.79
Testing Acc:     88.50
Validation Loss:     0.62 | Val Acc:    90.00
----------------EPOCH 23-------------------
Train Loss:     0.26 | Training Acc:    92.38
Testing Acc:     93.83
Validation Loss:     0.17 | Val Acc:    93.33
----------------EPOCH 24-------------------
Train Loss:     0.07 | Training Acc:    97.62
Testing Acc:     94.67
Validation Loss:     0.21 | Val Acc:    94.33
----------------EPOCH 25-------------------
Train Loss:     0.04 | Training Acc:    98.71
Testing Acc:     95.33
Validation Loss:     0.16 | Val Acc:    94.67
----------------EPOCH 26-------------------
Train Loss:     0.05 | Training Acc:    98.54
Testing Acc:     94.17
Validation Loss:     0.34 | Val Acc:    93.33
----------------EPOCH 27-------------------
Train Loss:     0.02 | Training Acc:    99.50
Testing Acc:     94.50
Validation Loss:     0.18 | Val Acc:    95.67
----------------EPOCH 28-------------------
Train Loss:     0.01 | Training Acc:    99.67
Testing Acc:     96.00
Validation Loss:     0.22 | Val Acc:    96.33
----------------EPOCH 29-------------------
Train Loss:     0.00 | Training Acc:    99.96
Testing Acc:     96.00
Validation Loss:     0.24 | Val Acc:    96.33
EARLY STOP SATISFIES, STOP TRAINING
---Traing Process End---
Best Test Accuracy is: 97.500 %
