BEGIN TO LOAD DATA!
/home/uceehx2/AMLS-Image-Classification/model_cnn.py:23: UserWarning: Implicit dimension choice for log_softmax has been deprecated. Change the call to include dim=X as an argument.
  return F.log_softmax(x)
----------------EPOCH 1-------------------
Train Loss:     5.27 | Training Acc:    35.92
Testing Acc:     58.67
Validation Loss:     1.09 | Val Acc:    61.00
----------------EPOCH 2-------------------
Train Loss:     1.00 | Training Acc:    60.67
Testing Acc:     69.83
Validation Loss:     0.72 | Val Acc:    72.67
----------------EPOCH 3-------------------
Train Loss:     0.64 | Training Acc:    75.38
Testing Acc:     76.33
Validation Loss:     0.61 | Val Acc:    78.00
----------------EPOCH 4-------------------
Train Loss:     0.45 | Training Acc:    84.12
Testing Acc:     78.17
Validation Loss:     0.55 | Val Acc:    77.00
----------------EPOCH 5-------------------
Train Loss:     0.33 | Training Acc:    88.58
Testing Acc:     80.00
Validation Loss:     0.48 | Val Acc:    82.33
----------------EPOCH 6-------------------
Train Loss:     0.24 | Training Acc:    92.17
Testing Acc:     83.33
Validation Loss:     0.43 | Val Acc:    85.00
----------------EPOCH 7-------------------
Train Loss:     0.18 | Training Acc:    94.38
Testing Acc:     81.00
Validation Loss:     0.47 | Val Acc:    83.00
----------------EPOCH 8-------------------
Train Loss:     0.13 | Training Acc:    96.62
Testing Acc:     84.67
Validation Loss:     0.39 | Val Acc:    85.67
----------------EPOCH 9-------------------
Train Loss:     0.10 | Training Acc:    97.62
Testing Acc:     83.83
Validation Loss:     0.40 | Val Acc:    85.00
----------------EPOCH 10-------------------
Train Loss:     0.08 | Training Acc:    98.33
Testing Acc:     84.17
Validation Loss:     0.38 | Val Acc:    85.67
----------------EPOCH 11-------------------
Train Loss:     0.07 | Training Acc:    98.62
Testing Acc:     84.83
Validation Loss:     0.40 | Val Acc:    86.33
----------------EPOCH 12-------------------
Train Loss:     0.06 | Training Acc:    98.79
Testing Acc:     83.17
Validation Loss:     0.40 | Val Acc:    84.33
----------------EPOCH 13-------------------
Train Loss:     0.04 | Training Acc:    99.50
Testing Acc:     84.50
Validation Loss:     0.40 | Val Acc:    85.33
----------------EPOCH 14-------------------
Train Loss:     0.03 | Training Acc:    99.50
Testing Acc:     85.50
Validation Loss:     0.40 | Val Acc:    87.33
----------------EPOCH 15-------------------
Train Loss:     0.03 | Training Acc:    99.58
Testing Acc:     84.83
Validation Loss:     0.41 | Val Acc:    86.67
----------------EPOCH 16-------------------
Train Loss:     0.02 | Training Acc:    99.83
Testing Acc:     85.17
Validation Loss:     0.44 | Val Acc:    87.00
----------------EPOCH 17-------------------
Train Loss:     0.02 | Training Acc:    99.79
Testing Acc:     83.50
Validation Loss:     0.45 | Val Acc:    83.33
----------------EPOCH 18-------------------
Train Loss:     0.02 | Training Acc:    99.83
Testing Acc:     84.50
Validation Loss:     0.45 | Val Acc:    84.67
----------------EPOCH 19-------------------
Train Loss:     0.02 | Training Acc:    99.88
Testing Acc:     84.17
Validation Loss:     0.49 | Val Acc:    84.67
----------------EPOCH 20-------------------
Train Loss:     0.02 | Training Acc:    99.79
Testing Acc:     86.00
Validation Loss:     0.46 | Val Acc:    87.67
----------------EPOCH 21-------------------
Train Loss:     0.01 | Training Acc:    99.92
Testing Acc:     86.33
Validation Loss:     0.46 | Val Acc:    87.33
----------------EPOCH 22-------------------
Train Loss:     0.01 | Training Acc:    99.92
Testing Acc:     86.17
Validation Loss:     0.48 | Val Acc:    86.33
----------------EPOCH 23-------------------
Train Loss:     0.01 | Training Acc:    99.79
Testing Acc:     84.83
Validation Loss:     0.46 | Val Acc:    85.67
----------------EPOCH 24-------------------
Train Loss:     0.01 | Training Acc:    99.83
Testing Acc:     85.33
Validation Loss:     0.48 | Val Acc:    86.00
----------------EPOCH 25-------------------
Train Loss:     0.01 | Training Acc:    99.92
Testing Acc:     85.67
Validation Loss:     0.48 | Val Acc:    86.67
----------------EPOCH 26-------------------
Train Loss:     0.01 | Training Acc:    99.96
Testing Acc:     84.67
Validation Loss:     0.53 | Val Acc:    84.33
----------------EPOCH 27-------------------
Train Loss:     0.01 | Training Acc:    99.88
Testing Acc:     85.83
Validation Loss:     0.51 | Val Acc:    86.67
----------------EPOCH 28-------------------
Train Loss:     0.01 | Training Acc:    99.92
Testing Acc:     85.50
Validation Loss:     0.53 | Val Acc:    86.33
----------------EPOCH 29-------------------
Train Loss:     0.01 | Training Acc:    99.96
Testing Acc:     86.00
Validation Loss:     0.51 | Val Acc:    87.00
----------------EPOCH 30-------------------
Train Loss:     0.01 | Training Acc:    99.83
Testing Acc:     84.50
Validation Loss:     0.54 | Val Acc:    84.67
----------------EPOCH 31-------------------
Train Loss:     0.01 | Training Acc:    99.92
Testing Acc:     85.67
Validation Loss:     0.51 | Val Acc:    86.33
----------------EPOCH 32-------------------
Train Loss:     0.01 | Training Acc:    99.92
Testing Acc:     84.50
Validation Loss:     0.53 | Val Acc:    85.33
----------------EPOCH 33-------------------
Train Loss:     0.01 | Training Acc:    99.96
Testing Acc:     84.83
Validation Loss:     0.51 | Val Acc:    85.00
----------------EPOCH 34-------------------
Train Loss:     0.01 | Training Acc:    99.92
Testing Acc:     85.83
Validation Loss:     0.54 | Val Acc:    86.33
----------------EPOCH 35-------------------
Train Loss:     0.01 | Training Acc:    99.88
Testing Acc:     83.83
Validation Loss:     0.57 | Val Acc:    84.00
EARLY STOP SATISFIES, STOP TRAINING!!!
---Traing Process End---
Best Test Accuracy is: 86.000 %
